2023-03-05 17:31:00,120 DEBUG r.s.s.XMLDataProvider [main] XMLDataProvider was created
2023-03-05 17:31:00,160 DEBUG r.s.s.XMLDataProvider [main] Deserializing objects
2023-03-05 17:31:00,271 ERROR r.s.s.XMLDataProvider [main] javax.xml.bind.UnmarshalException
 - with linked exception:
[org.xml.sax.SAXParseException; lineNumber: 1; columnNumber: 1; Premature end of file.]
2023-03-05 17:31:00,272 DEBUG r.s.s.XMLDataProvider [main] update data source src/main/java/ru/sfedu/xml/Notification.xml
2023-03-05 17:31:00,299 DEBUG r.s.s.XMLDataProvider [main] Deserializing objects
2023-03-05 17:31:00,302 ERROR r.s.s.XMLDataProvider [main] javax.xml.bind.UnmarshalException
 - with linked exception:
[org.xml.sax.SAXParseException; lineNumber: 1; columnNumber: 1; Premature end of file.]
2023-03-05 17:31:00,307 ERROR r.s.s.XMLDataProvider [main] Notification record with this ID:1 wasn't found
2023-03-05 17:31:00,311 DEBUG r.s.s.XMLDataProvider [main] Deserializing objects
2023-03-05 17:31:00,315 ERROR r.s.s.XMLDataProvider [main] javax.xml.bind.UnmarshalException
 - with linked exception:
[org.xml.sax.SAXParseException; lineNumber: 1; columnNumber: 1; Premature end of file.]
2023-03-05 17:31:00,315 DEBUG r.s.s.XMLDataProvider [main] update data source src/main/java/ru/sfedu/xml/Notification.xml
2023-03-05 17:31:00,320 DEBUG r.s.s.XMLDataProvider [main] Deserializing objects
2023-03-05 17:31:00,324 ERROR r.s.s.XMLDataProvider [main] javax.xml.bind.UnmarshalException
 - with linked exception:
[org.xml.sax.SAXParseException; lineNumber: 1; columnNumber: 1; Premature end of file.]
2023-03-05 17:31:00,324 DEBUG r.s.s.XMLDataProvider [main] update data source src/main/java/ru/sfedu/xml/Notification.xml
2023-03-05 17:31:00,336 DEBUG r.s.s.XMLDataProvider [main] Deserializing objects
2023-03-05 17:31:00,340 ERROR r.s.s.XMLDataProvider [main] javax.xml.bind.UnmarshalException
 - with linked exception:
[org.xml.sax.SAXParseException; lineNumber: 1; columnNumber: 1; Premature end of file.]
2023-03-05 17:31:00,342 ERROR r.s.s.XMLDataProvider [main] Notification record with this ID:0 wasn't found
2023-03-05 17:31:00,353 DEBUG r.s.s.XMLDataProvider [main] Deserializing objects
2023-03-05 17:31:00,357 ERROR r.s.s.XMLDataProvider [main] javax.xml.bind.UnmarshalException
 - with linked exception:
[org.xml.sax.SAXParseException; lineNumber: 1; columnNumber: 1; Premature end of file.]
2023-03-05 17:31:00,357 ERROR r.s.s.XMLDataProvider [main] Notification record with this ID:2 wasn't found
2023-03-05 17:32:16,578 DEBUG r.s.s.XMLDataProvider [main] XMLDataProvider was created
2023-03-05 17:32:16,626 DEBUG r.s.s.XMLDataProvider [main] Deserializing objects
2023-03-05 17:32:16,739 ERROR r.s.s.XMLDataProvider [main] javax.xml.bind.UnmarshalException
 - with linked exception:
[org.xml.sax.SAXParseException; lineNumber: 1; columnNumber: 1; Premature end of file.]
2023-03-05 17:32:16,741 DEBUG r.s.s.XMLDataProvider [main] update data source src/main/java/ru/sfedu/xml/Notification.xml
2023-03-05 17:32:16,756 INFO r.s.s.XMLDataProvider [main] Notification record was saved
2023-03-05 17:32:16,756 DEBUG r.s.s.XMLDataProvider [main] Deserializing objects
2023-03-05 17:32:16,765 DEBUG r.s.s.XMLDataProvider [main] Wrapper was filled:[]
2023-03-05 17:32:16,766 INFO r.s.s.XMLDataProvider [main] Notification record was found
2023-03-05 17:32:16,784 DEBUG r.s.s.XMLDataProvider [main] Deserializing objects
2023-03-05 17:32:16,788 DEBUG r.s.s.XMLDataProvider [main] Wrapper was filled:[]
2023-03-05 17:32:16,789 INFO r.s.s.XMLDataProvider [main] Notification record was updated
2023-03-05 17:32:16,789 DEBUG r.s.s.XMLDataProvider [main] Deserializing objects
2023-03-05 17:32:16,793 DEBUG r.s.s.XMLDataProvider [main] Wrapper was filled:[]
2023-03-05 17:32:16,794 INFO r.s.s.XMLDataProvider [main] Notification record was found
2023-03-05 17:32:16,798 DEBUG r.s.s.XMLDataProvider [main] Deserializing objects
2023-03-05 17:32:16,802 DEBUG r.s.s.XMLDataProvider [main] Wrapper was filled:[]
2023-03-05 17:32:16,807 ERROR r.s.s.XMLDataProvider [main] Notification record with this ID:1 already exists
2023-03-05 17:32:16,813 DEBUG r.s.s.XMLDataProvider [main] Deserializing objects
2023-03-05 17:32:16,819 DEBUG r.s.s.XMLDataProvider [main] Wrapper was filled:[]
2023-03-05 17:32:16,820 DEBUG r.s.s.XMLDataProvider [main] update data source src/main/java/ru/sfedu/xml/Notification.xml
2023-03-05 17:32:16,826 INFO r.s.s.XMLDataProvider [main] Notification record was saved
2023-03-05 17:32:16,828 DEBUG r.s.s.XMLDataProvider [main] Deserializing objects
2023-03-05 17:32:16,834 DEBUG r.s.s.XMLDataProvider [main] Wrapper was filled:[]
2023-03-05 17:32:16,835 ERROR r.s.s.XMLDataProvider [main] Notification record with this ID:2 already exists
2023-03-05 17:32:16,836 DEBUG r.s.s.XMLDataProvider [main] Deserializing objects
2023-03-05 17:32:16,842 DEBUG r.s.s.XMLDataProvider [main] Wrapper was filled:[]
2023-03-05 17:32:16,844 INFO r.s.s.XMLDataProvider [main] Record with this ID:2 was deleted
2023-03-05 17:32:16,845 DEBUG r.s.s.XMLDataProvider [main] update data source src/main/java/ru/sfedu/xml/Notification.xml
2023-03-05 17:32:16,857 DEBUG r.s.s.XMLDataProvider [main] Deserializing objects
2023-03-05 17:32:16,864 DEBUG r.s.s.XMLDataProvider [main] Wrapper was filled:[]
2023-03-05 17:32:16,865 ERROR r.s.s.XMLDataProvider [main] Notification record with this ID:0 wasn't found
2023-03-05 17:32:16,878 DEBUG r.s.s.XMLDataProvider [main] Deserializing objects
2023-03-05 17:32:16,884 DEBUG r.s.s.XMLDataProvider [main] Wrapper was filled:[]
2023-03-05 17:32:16,885 INFO r.s.s.XMLDataProvider [main] Notification record was updated
2023-03-05 17:33:28,321 DEBUG r.s.s.XMLDataProvider [main] XMLDataProvider was created
2023-03-05 17:33:28,374 DEBUG r.s.s.XMLDataProvider [main] Deserializing objects
2023-03-05 17:33:28,490 ERROR r.s.s.XMLDataProvider [main] javax.xml.bind.UnmarshalException
 - with linked exception:
[org.xml.sax.SAXParseException; lineNumber: 1; columnNumber: 1; Premature end of file.]
2023-03-05 17:33:28,491 DEBUG r.s.s.XMLDataProvider [main] update data source src/main/java/ru/sfedu/xml/Notification.xml
2023-03-05 17:33:28,507 INFO r.s.s.XMLDataProvider [main] Notification record was saved
2023-03-05 17:33:28,508 DEBUG r.s.s.XMLDataProvider [main] Deserializing objects
2023-03-05 17:33:28,515 DEBUG r.s.s.XMLDataProvider [main] Wrapper was filled:[]
2023-03-05 17:33:28,517 INFO r.s.s.XMLDataProvider [main] Notification record was found
2023-03-05 17:33:28,520 DEBUG r.s.s.XMLDataProvider [main] Deserializing objects
2023-03-05 17:33:28,525 DEBUG r.s.s.XMLDataProvider [main] Wrapper was filled:[]
2023-03-05 17:33:28,529 INFO r.s.s.XMLDataProvider [main] Record with this ID:1 was deleted
2023-03-05 17:33:28,529 DEBUG r.s.s.XMLDataProvider [main] update data source src/main/java/ru/sfedu/xml/Notification.xml
2023-03-05 17:33:28,545 DEBUG r.s.s.XMLDataProvider [main] Deserializing objects
2023-03-05 17:33:28,550 DEBUG r.s.s.XMLDataProvider [main] Wrapper was filled:[]
2023-03-05 17:33:28,551 INFO r.s.s.XMLDataProvider [main] Notification record was updated
2023-03-05 17:33:28,551 DEBUG r.s.s.XMLDataProvider [main] Deserializing objects
2023-03-05 17:33:28,555 DEBUG r.s.s.XMLDataProvider [main] Wrapper was filled:[]
2023-03-05 17:33:28,555 INFO r.s.s.XMLDataProvider [main] Notification record was found
2023-03-05 17:33:28,565 DEBUG r.s.s.XMLDataProvider [main] Deserializing objects
2023-03-05 17:33:28,573 DEBUG r.s.s.XMLDataProvider [main] Wrapper was filled:[]
2023-03-05 17:33:28,574 ERROR r.s.s.XMLDataProvider [main] Notification record with this ID:1 already exists
2023-03-05 17:33:28,580 DEBUG r.s.s.XMLDataProvider [main] Deserializing objects
2023-03-05 17:33:28,585 DEBUG r.s.s.XMLDataProvider [main] Wrapper was filled:[]
2023-03-05 17:33:28,586 DEBUG r.s.s.XMLDataProvider [main] update data source src/main/java/ru/sfedu/xml/Notification.xml
2023-03-05 17:33:28,589 INFO r.s.s.XMLDataProvider [main] Notification record was saved
2023-03-05 17:33:28,591 DEBUG r.s.s.XMLDataProvider [main] Deserializing objects
2023-03-05 17:33:28,595 DEBUG r.s.s.XMLDataProvider [main] Wrapper was filled:[]
2023-03-05 17:33:28,595 ERROR r.s.s.XMLDataProvider [main] Notification record with this ID:2 already exists
2023-03-05 17:33:28,596 DEBUG r.s.s.XMLDataProvider [main] Deserializing objects
2023-03-05 17:33:28,600 DEBUG r.s.s.XMLDataProvider [main] Wrapper was filled:[]
2023-03-05 17:33:28,600 INFO r.s.s.XMLDataProvider [main] Record with this ID:2 was deleted
2023-03-05 17:33:28,601 DEBUG r.s.s.XMLDataProvider [main] update data source src/main/java/ru/sfedu/xml/Notification.xml
2023-03-05 17:33:28,611 DEBUG r.s.s.XMLDataProvider [main] Deserializing objects
2023-03-05 17:33:28,615 DEBUG r.s.s.XMLDataProvider [main] Wrapper was filled:[]
2023-03-05 17:33:28,616 ERROR r.s.s.XMLDataProvider [main] Notification record with this ID:0 wasn't found
2023-03-05 17:33:28,626 DEBUG r.s.s.XMLDataProvider [main] Deserializing objects
2023-03-05 17:33:28,631 DEBUG r.s.s.XMLDataProvider [main] Wrapper was filled:[]
2023-03-05 17:33:28,631 INFO r.s.s.XMLDataProvider [main] Notification record was updated
2023-03-05 17:35:02,679 DEBUG r.s.s.XMLDataProvider [main] XMLDataProvider was created
2023-03-05 17:35:02,737 DEBUG r.s.s.XMLDataProvider [main] Deserializing objects
2023-03-05 17:35:02,866 DEBUG r.s.s.XMLDataProvider [main] Wrapper was filled:[]
2023-03-05 17:35:02,871 ERROR r.s.s.XMLDataProvider [main] Notification record with this ID:1 already exists
2023-03-05 17:35:02,894 DEBUG r.s.s.XMLDataProvider [main] Deserializing objects
2023-03-05 17:35:02,900 DEBUG r.s.s.XMLDataProvider [main] Wrapper was filled:[]
2023-03-05 17:35:02,901 INFO r.s.s.XMLDataProvider [main] Notification record was updated
2023-03-05 17:35:02,901 DEBUG r.s.s.XMLDataProvider [main] Deserializing objects
2023-03-05 17:35:02,906 DEBUG r.s.s.XMLDataProvider [main] Wrapper was filled:[]
2023-03-05 17:35:02,907 INFO r.s.s.XMLDataProvider [main] Notification record was found
2023-03-05 17:35:02,918 DEBUG r.s.s.XMLDataProvider [main] Deserializing objects
2023-03-05 17:35:02,924 DEBUG r.s.s.XMLDataProvider [main] Wrapper was filled:[]
2023-03-05 17:35:02,924 ERROR r.s.s.XMLDataProvider [main] Notification record with this ID:1 already exists
2023-03-05 17:35:02,928 DEBUG r.s.s.XMLDataProvider [main] Deserializing objects
2023-03-05 17:35:02,933 DEBUG r.s.s.XMLDataProvider [main] Wrapper was filled:[]
2023-03-05 17:35:02,934 ERROR r.s.s.XMLDataProvider [main] Notification record with this ID:2 already exists
2023-03-05 17:35:02,945 DEBUG r.s.s.XMLDataProvider [main] Deserializing objects
2023-03-05 17:35:02,950 DEBUG r.s.s.XMLDataProvider [main] Wrapper was filled:[]
2023-03-05 17:35:02,950 ERROR r.s.s.XMLDataProvider [main] Notification record with this ID:0 wasn't found
2023-03-05 17:35:02,963 DEBUG r.s.s.XMLDataProvider [main] Deserializing objects
2023-03-05 17:35:02,967 DEBUG r.s.s.XMLDataProvider [main] Wrapper was filled:[]
2023-03-05 17:35:02,968 INFO r.s.s.XMLDataProvider [main] Notification record was updated
2023-03-05 17:35:10,193 DEBUG r.s.s.XMLDataProvider [main] XMLDataProvider was created
2023-03-05 17:35:10,254 DEBUG r.s.s.XMLDataProvider [main] Deserializing objects
2023-03-05 17:35:10,373 ERROR r.s.s.XMLDataProvider [main] javax.xml.bind.UnmarshalException
 - with linked exception:
[org.xml.sax.SAXParseException; lineNumber: 1; columnNumber: 1; Premature end of file.]
2023-03-05 17:35:10,374 DEBUG r.s.s.XMLDataProvider [main] update data source src/main/java/ru/sfedu/xml/Notification.xml
2023-03-05 17:35:10,388 INFO r.s.s.XMLDataProvider [main] Notification record was saved
2023-03-05 17:35:10,389 DEBUG r.s.s.XMLDataProvider [main] Deserializing objects
2023-03-05 17:35:10,396 DEBUG r.s.s.XMLDataProvider [main] Wrapper was filled:[]
2023-03-05 17:35:10,397 INFO r.s.s.XMLDataProvider [main] Notification record was found
2023-03-05 17:35:10,400 DEBUG r.s.s.XMLDataProvider [main] Deserializing objects
2023-03-05 17:35:10,405 DEBUG r.s.s.XMLDataProvider [main] Wrapper was filled:[]
2023-03-05 17:35:10,408 INFO r.s.s.XMLDataProvider [main] Record with this ID:1 was deleted
2023-03-05 17:35:10,409 DEBUG r.s.s.XMLDataProvider [main] update data source src/main/java/ru/sfedu/xml/Notification.xml
2023-03-05 17:35:10,426 DEBUG r.s.s.XMLDataProvider [main] Deserializing objects
2023-03-05 17:35:10,431 DEBUG r.s.s.XMLDataProvider [main] Wrapper was filled:[]
2023-03-05 17:35:10,431 INFO r.s.s.XMLDataProvider [main] Notification record was updated
2023-03-05 17:35:10,432 DEBUG r.s.s.XMLDataProvider [main] Deserializing objects
2023-03-05 17:35:10,435 DEBUG r.s.s.XMLDataProvider [main] Wrapper was filled:[]
2023-03-05 17:35:10,435 INFO r.s.s.XMLDataProvider [main] Notification record was found
2023-03-05 17:35:10,445 DEBUG r.s.s.XMLDataProvider [main] Deserializing objects
2023-03-05 17:35:10,451 DEBUG r.s.s.XMLDataProvider [main] Wrapper was filled:[]
2023-03-05 17:35:10,451 ERROR r.s.s.XMLDataProvider [main] Notification record with this ID:1 already exists
2023-03-05 17:35:10,456 DEBUG r.s.s.XMLDataProvider [main] Deserializing objects
2023-03-05 17:35:10,461 DEBUG r.s.s.XMLDataProvider [main] Wrapper was filled:[]
2023-03-05 17:35:10,461 DEBUG r.s.s.XMLDataProvider [main] update data source src/main/java/ru/sfedu/xml/Notification.xml
2023-03-05 17:35:10,464 INFO r.s.s.XMLDataProvider [main] Notification record was saved
2023-03-05 17:35:10,465 DEBUG r.s.s.XMLDataProvider [main] Deserializing objects
2023-03-05 17:35:10,469 DEBUG r.s.s.XMLDataProvider [main] Wrapper was filled:[]
2023-03-05 17:35:10,470 ERROR r.s.s.XMLDataProvider [main] Notification record with this ID:2 already exists
2023-03-05 17:35:10,470 DEBUG r.s.s.XMLDataProvider [main] Deserializing objects
2023-03-05 17:35:10,474 DEBUG r.s.s.XMLDataProvider [main] Wrapper was filled:[]
2023-03-05 17:35:10,474 INFO r.s.s.XMLDataProvider [main] Record with this ID:2 was deleted
2023-03-05 17:35:10,475 DEBUG r.s.s.XMLDataProvider [main] update data source src/main/java/ru/sfedu/xml/Notification.xml
2023-03-05 17:35:10,485 DEBUG r.s.s.XMLDataProvider [main] Deserializing objects
2023-03-05 17:35:10,490 DEBUG r.s.s.XMLDataProvider [main] Wrapper was filled:[]
2023-03-05 17:35:10,490 ERROR r.s.s.XMLDataProvider [main] Notification record with this ID:0 wasn't found
2023-03-05 17:35:10,502 DEBUG r.s.s.XMLDataProvider [main] Deserializing objects
2023-03-05 17:35:10,507 DEBUG r.s.s.XMLDataProvider [main] Wrapper was filled:[]
2023-03-05 17:35:10,507 INFO r.s.s.XMLDataProvider [main] Notification record was updated
2023-03-05 17:36:07,502 DEBUG r.s.s.XMLDataProvider [main] XMLDataProvider was created
2023-03-05 17:36:07,556 DEBUG r.s.s.XMLDataProvider [main] Deserializing objects
2023-03-05 17:36:07,669 ERROR r.s.s.XMLDataProvider [main] javax.xml.bind.UnmarshalException
 - with linked exception:
[org.xml.sax.SAXParseException; lineNumber: 1; columnNumber: 1; Premature end of file.]
2023-03-05 17:36:07,670 DEBUG r.s.s.XMLDataProvider [main] update data source src/main/java/ru/sfedu/xml/Notification.xml
2023-03-05 17:36:07,686 INFO r.s.s.XMLDataProvider [main] Notification record was saved
2023-03-05 17:36:07,687 DEBUG r.s.s.XMLDataProvider [main] Deserializing objects
2023-03-05 17:36:07,695 DEBUG r.s.s.XMLDataProvider [main] Wrapper was filled:[]
2023-03-05 17:36:07,697 INFO r.s.s.XMLDataProvider [main] Notification record was found
2023-03-05 17:36:07,700 DEBUG r.s.s.XMLDataProvider [main] Deserializing objects
2023-03-05 17:36:07,706 DEBUG r.s.s.XMLDataProvider [main] Wrapper was filled:[]
2023-03-05 17:36:07,710 INFO r.s.s.XMLDataProvider [main] Record with this ID:1 was deleted
2023-03-05 17:36:07,711 DEBUG r.s.s.XMLDataProvider [main] update data source src/main/java/ru/sfedu/xml/Notification.xml
2023-03-05 17:36:07,726 DEBUG r.s.s.XMLDataProvider [main] Deserializing objects
2023-03-05 17:36:07,731 DEBUG r.s.s.XMLDataProvider [main] Wrapper was filled:[]
2023-03-05 17:36:07,732 INFO r.s.s.XMLDataProvider [main] Notification record was updated
2023-03-05 17:36:07,732 DEBUG r.s.s.XMLDataProvider [main] Deserializing objects
2023-03-05 17:36:07,736 DEBUG r.s.s.XMLDataProvider [main] Wrapper was filled:[]
2023-03-05 17:36:07,737 INFO r.s.s.XMLDataProvider [main] Notification record was found
2023-03-05 17:36:07,744 DEBUG r.s.s.XMLDataProvider [main] Deserializing objects
2023-03-05 17:36:07,750 DEBUG r.s.s.XMLDataProvider [main] Wrapper was filled:[]
2023-03-05 17:36:07,750 ERROR r.s.s.XMLDataProvider [main] Notification record with this ID:1 already exists
2023-03-05 17:36:07,754 DEBUG r.s.s.XMLDataProvider [main] Deserializing objects
2023-03-05 17:36:07,759 DEBUG r.s.s.XMLDataProvider [main] Wrapper was filled:[]
2023-03-05 17:36:07,759 DEBUG r.s.s.XMLDataProvider [main] update data source src/main/java/ru/sfedu/xml/Notification.xml
2023-03-05 17:36:07,762 INFO r.s.s.XMLDataProvider [main] Notification record was saved
2023-03-05 17:36:07,764 DEBUG r.s.s.XMLDataProvider [main] Deserializing objects
2023-03-05 17:36:07,769 DEBUG r.s.s.XMLDataProvider [main] Wrapper was filled:[]
2023-03-05 17:36:07,770 ERROR r.s.s.XMLDataProvider [main] Notification record with this ID:2 already exists
2023-03-05 17:36:07,770 DEBUG r.s.s.XMLDataProvider [main] Deserializing objects
2023-03-05 17:36:07,775 DEBUG r.s.s.XMLDataProvider [main] Wrapper was filled:[]
2023-03-05 17:36:07,776 INFO r.s.s.XMLDataProvider [main] Record with this ID:2 was deleted
2023-03-05 17:36:07,776 DEBUG r.s.s.XMLDataProvider [main] update data source src/main/java/ru/sfedu/xml/Notification.xml
2023-03-05 17:36:07,786 DEBUG r.s.s.XMLDataProvider [main] Deserializing objects
2023-03-05 17:36:07,791 DEBUG r.s.s.XMLDataProvider [main] Wrapper was filled:[]
2023-03-05 17:36:07,791 ERROR r.s.s.XMLDataProvider [main] Notification record with this ID:0 wasn't found
2023-03-05 17:36:07,800 DEBUG r.s.s.XMLDataProvider [main] Deserializing objects
2023-03-05 17:36:07,805 DEBUG r.s.s.XMLDataProvider [main] Wrapper was filled:[]
2023-03-05 17:36:07,806 INFO r.s.s.XMLDataProvider [main] Notification record was updated
2023-03-05 17:37:12,328 DEBUG r.s.s.XMLDataProvider [main] XMLDataProvider was created
2023-03-05 17:37:12,501 DEBUG r.s.s.XMLDataProvider [main] Deserializing objects
2023-03-05 17:37:12,616 ERROR r.s.s.XMLDataProvider [main] javax.xml.bind.UnmarshalException
 - with linked exception:
[org.xml.sax.SAXParseException; lineNumber: 1; columnNumber: 1; Premature end of file.]
2023-03-05 17:37:12,617 DEBUG r.s.s.XMLDataProvider [main] update data source src/main/java/ru/sfedu/xml/Notification.xml
2023-03-05 17:37:12,634 INFO r.s.s.XMLDataProvider [main] Notification record was saved
2023-03-05 17:37:12,637 DEBUG r.s.s.XMLDataProvider [main] Deserializing objects
2023-03-05 17:37:12,646 DEBUG r.s.s.XMLDataProvider [main] Wrapper was filled:[]
2023-03-05 17:37:12,651 ERROR r.s.s.XMLDataProvider [main] Notification record with this ID:2 already exists
2023-03-05 17:37:12,653 DEBUG r.s.s.XMLDataProvider [main] Deserializing objects
2023-03-05 17:37:12,660 DEBUG r.s.s.XMLDataProvider [main] Wrapper was filled:[]
2023-03-05 17:37:12,662 INFO r.s.s.XMLDataProvider [main] Record with this ID:2 was deleted
2023-03-05 17:37:12,663 DEBUG r.s.s.XMLDataProvider [main] update data source src/main/java/ru/sfedu/xml/Notification.xml
2023-03-05 17:38:41,493 DEBUG r.s.s.XMLDataProvider [main] XMLDataProvider was created
2023-03-05 17:38:41,665 DEBUG r.s.s.XMLDataProvider [main] Deserializing objects
2023-03-05 17:38:41,777 ERROR r.s.s.XMLDataProvider [main] javax.xml.bind.UnmarshalException
 - with linked exception:
[org.xml.sax.SAXParseException; lineNumber: 1; columnNumber: 1; Premature end of file.]
2023-03-05 17:38:41,778 DEBUG r.s.s.XMLDataProvider [main] update data source src/main/java/ru/sfedu/xml/Notification.xml
2023-03-05 17:38:41,795 INFO r.s.s.XMLDataProvider [main] Notification record was saved
2023-03-05 17:38:41,797 DEBUG r.s.s.XMLDataProvider [main] Deserializing objects
2023-03-05 17:38:41,806 DEBUG r.s.s.XMLDataProvider [main] Wrapper was filled:[]
2023-03-05 17:38:41,809 ERROR r.s.s.XMLDataProvider [main] Notification record with this ID:2 already exists
2023-03-05 17:38:41,811 DEBUG r.s.s.XMLDataProvider [main] Deserializing objects
2023-03-05 17:38:41,816 DEBUG r.s.s.XMLDataProvider [main] Wrapper was filled:[]
2023-03-05 17:38:41,817 INFO r.s.s.XMLDataProvider [main] Record with this ID:2 was deleted
2023-03-05 17:38:41,818 DEBUG r.s.s.XMLDataProvider [main] update data source src/main/java/ru/sfedu/xml/Notification.xml
2023-03-05 17:40:15,366 DEBUG r.s.s.XMLDataProvider [main] XMLDataProvider was created
2023-03-05 17:40:15,526 DEBUG r.s.s.XMLDataProvider [main] Deserializing objects
2023-03-05 17:40:15,633 DEBUG r.s.s.XMLDataProvider [main] Wrapper was filled:[]
2023-03-05 17:40:15,634 DEBUG r.s.s.XMLDataProvider [main] update data source src/main/java/ru/sfedu/xml/Notification.xml
2023-03-05 17:40:15,650 INFO r.s.s.XMLDataProvider [main] Notification record was saved
2023-03-05 17:40:15,653 DEBUG r.s.s.XMLDataProvider [main] Deserializing objects
2023-03-05 17:40:15,662 DEBUG r.s.s.XMLDataProvider [main] Wrapper was filled:[]
2023-03-05 17:40:15,666 ERROR r.s.s.XMLDataProvider [main] Notification record with this ID:2 already exists
2023-03-05 17:40:15,668 DEBUG r.s.s.XMLDataProvider [main] Deserializing objects
2023-03-05 17:40:15,673 DEBUG r.s.s.XMLDataProvider [main] Wrapper was filled:[]
2023-03-05 17:40:15,675 INFO r.s.s.XMLDataProvider [main] Record with this ID:2 was deleted
2023-03-05 17:40:15,675 DEBUG r.s.s.XMLDataProvider [main] update data source src/main/java/ru/sfedu/xml/Notification.xml
2023-03-05 17:40:23,946 DEBUG r.s.s.XMLDataProvider [main] XMLDataProvider was created
2023-03-05 17:40:23,998 DEBUG r.s.s.XMLDataProvider [main] Deserializing objects
2023-03-05 17:40:24,111 DEBUG r.s.s.XMLDataProvider [main] Wrapper was filled:[]
2023-03-05 17:40:24,112 DEBUG r.s.s.XMLDataProvider [main] update data source src/main/java/ru/sfedu/xml/Notification.xml
2023-03-05 17:40:24,128 INFO r.s.s.XMLDataProvider [main] Notification record was saved
2023-03-05 17:40:24,129 DEBUG r.s.s.XMLDataProvider [main] Deserializing objects
2023-03-05 17:40:24,136 DEBUG r.s.s.XMLDataProvider [main] Wrapper was filled:[]
2023-03-05 17:40:24,137 INFO r.s.s.XMLDataProvider [main] Notification record was found
2023-03-05 17:40:24,140 DEBUG r.s.s.XMLDataProvider [main] Deserializing objects
2023-03-05 17:40:24,147 DEBUG r.s.s.XMLDataProvider [main] Wrapper was filled:[]
2023-03-05 17:40:24,151 INFO r.s.s.XMLDataProvider [main] Record with this ID:1 was deleted
2023-03-05 17:40:24,152 DEBUG r.s.s.XMLDataProvider [main] update data source src/main/java/ru/sfedu/xml/Notification.xml
2023-03-05 17:40:24,168 DEBUG r.s.s.XMLDataProvider [main] Deserializing objects
2023-03-05 17:40:24,173 DEBUG r.s.s.XMLDataProvider [main] Wrapper was filled:[]
2023-03-05 17:40:24,174 ERROR r.s.s.XMLDataProvider [main] Notification record with this ID:1 wasn't found
2023-03-05 17:40:24,184 DEBUG r.s.s.XMLDataProvider [main] Deserializing objects
2023-03-05 17:40:24,188 DEBUG r.s.s.XMLDataProvider [main] Wrapper was filled:[]
2023-03-05 17:40:24,189 DEBUG r.s.s.XMLDataProvider [main] update data source src/main/java/ru/sfedu/xml/Notification.xml
2023-03-05 17:40:24,193 INFO r.s.s.XMLDataProvider [main] Notification record was saved
2023-03-05 17:40:24,194 DEBUG r.s.s.XMLDataProvider [main] Deserializing objects
2023-03-05 17:40:24,198 DEBUG r.s.s.XMLDataProvider [main] Wrapper was filled:[]
2023-03-05 17:40:24,198 INFO r.s.s.XMLDataProvider [main] Notification record was found
2023-03-05 17:40:24,198 DEBUG r.s.s.XMLDataProvider [main] Deserializing objects
2023-03-05 17:40:24,202 DEBUG r.s.s.XMLDataProvider [main] Wrapper was filled:[]
2023-03-05 17:40:24,203 INFO r.s.s.XMLDataProvider [main] Record with this ID:1 was deleted
2023-03-05 17:40:24,203 DEBUG r.s.s.XMLDataProvider [main] update data source src/main/java/ru/sfedu/xml/Notification.xml
2023-03-05 17:40:24,207 DEBUG r.s.s.XMLDataProvider [main] Deserializing objects
2023-03-05 17:40:24,212 DEBUG r.s.s.XMLDataProvider [main] Wrapper was filled:[]
2023-03-05 17:40:24,213 DEBUG r.s.s.XMLDataProvider [main] update data source src/main/java/ru/sfedu/xml/Notification.xml
2023-03-05 17:40:24,215 INFO r.s.s.XMLDataProvider [main] Notification record was saved
2023-03-05 17:40:24,216 DEBUG r.s.s.XMLDataProvider [main] Deserializing objects
2023-03-05 17:40:24,221 DEBUG r.s.s.XMLDataProvider [main] Wrapper was filled:[]
2023-03-05 17:40:24,221 ERROR r.s.s.XMLDataProvider [main] Notification record with this ID:2 already exists
2023-03-05 17:40:24,222 DEBUG r.s.s.XMLDataProvider [main] Deserializing objects
2023-03-05 17:40:24,226 DEBUG r.s.s.XMLDataProvider [main] Wrapper was filled:[]
2023-03-05 17:40:24,226 INFO r.s.s.XMLDataProvider [main] Record with this ID:2 was deleted
2023-03-05 17:40:24,226 DEBUG r.s.s.XMLDataProvider [main] update data source src/main/java/ru/sfedu/xml/Notification.xml
2023-03-05 17:40:24,238 DEBUG r.s.s.XMLDataProvider [main] Deserializing objects
2023-03-05 17:40:24,241 DEBUG r.s.s.XMLDataProvider [main] Wrapper was filled:[]
2023-03-05 17:40:24,242 ERROR r.s.s.XMLDataProvider [main] Notification record with this ID:0 wasn't found
2023-03-05 17:40:24,251 DEBUG r.s.s.XMLDataProvider [main] Deserializing objects
2023-03-05 17:40:24,254 DEBUG r.s.s.XMLDataProvider [main] Wrapper was filled:[]
2023-03-05 17:40:24,255 ERROR r.s.s.XMLDataProvider [main] Notification record with this ID:2 wasn't found
2023-03-05 17:41:01,492 DEBUG r.s.s.XMLDataProvider [main] XMLDataProvider was created
2023-03-05 17:41:01,534 DEBUG r.s.s.XMLDataProvider [main] Deserializing objects
2023-03-05 17:41:01,652 ERROR r.s.s.XMLDataProvider [main] javax.xml.bind.UnmarshalException
 - with linked exception:
[org.xml.sax.SAXParseException; lineNumber: 1; columnNumber: 1; Premature end of file.]
2023-03-05 17:41:01,654 DEBUG r.s.s.XMLDataProvider [main] update data source src/main/java/ru/sfedu/xml/Notification.xml
2023-03-05 17:41:01,670 INFO r.s.s.XMLDataProvider [main] Notification record was saved
2023-03-05 17:41:01,671 DEBUG r.s.s.XMLDataProvider [main] Deserializing objects
2023-03-05 17:41:01,678 DEBUG r.s.s.XMLDataProvider [main] Wrapper was filled:[]
2023-03-05 17:41:01,680 INFO r.s.s.XMLDataProvider [main] Notification record was found
2023-03-05 17:41:01,683 DEBUG r.s.s.XMLDataProvider [main] Deserializing objects
2023-03-05 17:41:01,687 DEBUG r.s.s.XMLDataProvider [main] Wrapper was filled:[]
2023-03-05 17:41:01,691 INFO r.s.s.XMLDataProvider [main] Record with this ID:1 was deleted
2023-03-05 17:41:01,691 DEBUG r.s.s.XMLDataProvider [main] update data source src/main/java/ru/sfedu/xml/Notification.xml
2023-03-05 17:41:01,701 DEBUG r.s.s.XMLDataProvider [main] Deserializing objects
2023-03-05 17:41:01,705 DEBUG r.s.s.XMLDataProvider [main] Wrapper was filled:[]
2023-03-05 17:41:01,706 DEBUG r.s.s.XMLDataProvider [main] update data source src/main/java/ru/sfedu/xml/Notification.xml
2023-03-05 17:41:01,709 INFO r.s.s.XMLDataProvider [main] Notification record was saved
2023-03-05 17:41:01,709 DEBUG r.s.s.XMLDataProvider [main] Deserializing objects
2023-03-05 17:41:01,713 DEBUG r.s.s.XMLDataProvider [main] Wrapper was filled:[]
2023-03-05 17:41:01,714 INFO r.s.s.XMLDataProvider [main] Notification record was updated
2023-03-05 17:41:01,714 DEBUG r.s.s.XMLDataProvider [main] Deserializing objects
2023-03-05 17:41:01,718 DEBUG r.s.s.XMLDataProvider [main] Wrapper was filled:[]
2023-03-05 17:41:01,718 INFO r.s.s.XMLDataProvider [main] Notification record was found
2023-03-05 17:41:01,727 DEBUG r.s.s.XMLDataProvider [main] Deserializing objects
2023-03-05 17:41:01,731 DEBUG r.s.s.XMLDataProvider [main] Wrapper was filled:[]
2023-03-05 17:41:01,732 ERROR r.s.s.XMLDataProvider [main] Notification record with this ID:1 already exists
2023-03-05 17:41:01,736 DEBUG r.s.s.XMLDataProvider [main] Deserializing objects
2023-03-05 17:41:01,740 DEBUG r.s.s.XMLDataProvider [main] Wrapper was filled:[]
2023-03-05 17:41:01,741 DEBUG r.s.s.XMLDataProvider [main] update data source src/main/java/ru/sfedu/xml/Notification.xml
2023-03-05 17:41:01,743 INFO r.s.s.XMLDataProvider [main] Notification record was saved
2023-03-05 17:41:01,744 DEBUG r.s.s.XMLDataProvider [main] Deserializing objects
2023-03-05 17:41:01,749 DEBUG r.s.s.XMLDataProvider [main] Wrapper was filled:[]
2023-03-05 17:41:01,749 ERROR r.s.s.XMLDataProvider [main] Notification record with this ID:2 already exists
2023-03-05 17:41:01,749 DEBUG r.s.s.XMLDataProvider [main] Deserializing objects
2023-03-05 17:41:01,753 DEBUG r.s.s.XMLDataProvider [main] Wrapper was filled:[]
2023-03-05 17:41:01,753 INFO r.s.s.XMLDataProvider [main] Record with this ID:2 was deleted
2023-03-05 17:41:01,754 DEBUG r.s.s.XMLDataProvider [main] update data source src/main/java/ru/sfedu/xml/Notification.xml
2023-03-05 17:41:01,762 DEBUG r.s.s.XMLDataProvider [main] Deserializing objects
2023-03-05 17:41:01,767 DEBUG r.s.s.XMLDataProvider [main] Wrapper was filled:[]
2023-03-05 17:41:01,768 ERROR r.s.s.XMLDataProvider [main] Notification record with this ID:0 wasn't found
2023-03-05 17:41:01,776 DEBUG r.s.s.XMLDataProvider [main] Deserializing objects
2023-03-05 17:41:01,780 DEBUG r.s.s.XMLDataProvider [main] Wrapper was filled:[]
2023-03-05 17:41:01,781 ERROR r.s.s.XMLDataProvider [main] Notification record with this ID:2 wasn't found
2023-03-05 17:41:18,482 DEBUG r.s.s.XMLDataProvider [main] XMLDataProvider was created
2023-03-05 17:41:18,534 DEBUG r.s.s.XMLDataProvider [main] Deserializing objects
2023-03-05 17:41:18,660 ERROR r.s.s.XMLDataProvider [main] javax.xml.bind.UnmarshalException
 - with linked exception:
[org.xml.sax.SAXParseException; lineNumber: 1; columnNumber: 1; Premature end of file.]
2023-03-05 17:41:18,661 DEBUG r.s.s.XMLDataProvider [main] update data source src/main/java/ru/sfedu/xml/Notification.xml
2023-03-05 17:41:18,678 INFO r.s.s.XMLDataProvider [main] Notification record was saved
2023-03-05 17:41:18,679 DEBUG r.s.s.XMLDataProvider [main] Deserializing objects
2023-03-05 17:41:18,687 DEBUG r.s.s.XMLDataProvider [main] Wrapper was filled:[]
2023-03-05 17:41:18,689 INFO r.s.s.XMLDataProvider [main] Notification record was found
2023-03-05 17:41:18,692 DEBUG r.s.s.XMLDataProvider [main] Deserializing objects
2023-03-05 17:41:18,697 DEBUG r.s.s.XMLDataProvider [main] Wrapper was filled:[]
2023-03-05 17:41:18,701 INFO r.s.s.XMLDataProvider [main] Record with this ID:1 was deleted
2023-03-05 17:41:18,702 DEBUG r.s.s.XMLDataProvider [main] update data source src/main/java/ru/sfedu/xml/Notification.xml
2023-03-05 17:41:18,722 DEBUG r.s.s.XMLDataProvider [main] Deserializing objects
2023-03-05 17:41:18,728 DEBUG r.s.s.XMLDataProvider [main] Wrapper was filled:[]
2023-03-05 17:41:18,729 DEBUG r.s.s.XMLDataProvider [main] update data source src/main/java/ru/sfedu/xml/Notification.xml
2023-03-05 17:41:18,732 INFO r.s.s.XMLDataProvider [main] Notification record was saved
2023-03-05 17:41:18,733 DEBUG r.s.s.XMLDataProvider [main] Deserializing objects
2023-03-05 17:41:18,739 DEBUG r.s.s.XMLDataProvider [main] Wrapper was filled:[]
2023-03-05 17:41:18,740 INFO r.s.s.XMLDataProvider [main] Notification record was updated
2023-03-05 17:41:18,741 DEBUG r.s.s.XMLDataProvider [main] Deserializing objects
2023-03-05 17:41:18,746 DEBUG r.s.s.XMLDataProvider [main] Wrapper was filled:[]
2023-03-05 17:41:18,746 INFO r.s.s.XMLDataProvider [main] Notification record was found
2023-03-05 17:41:18,758 DEBUG r.s.s.XMLDataProvider [main] Deserializing objects
2023-03-05 17:41:18,764 DEBUG r.s.s.XMLDataProvider [main] Wrapper was filled:[]
2023-03-05 17:41:18,764 ERROR r.s.s.XMLDataProvider [main] Notification record with this ID:1 already exists
2023-03-05 17:41:18,769 DEBUG r.s.s.XMLDataProvider [main] Deserializing objects
2023-03-05 17:41:18,774 DEBUG r.s.s.XMLDataProvider [main] Wrapper was filled:[]
2023-03-05 17:41:18,775 DEBUG r.s.s.XMLDataProvider [main] update data source src/main/java/ru/sfedu/xml/Notification.xml
2023-03-05 17:41:18,778 INFO r.s.s.XMLDataProvider [main] Notification record was saved
2023-03-05 17:41:18,779 DEBUG r.s.s.XMLDataProvider [main] Deserializing objects
2023-03-05 17:41:18,784 DEBUG r.s.s.XMLDataProvider [main] Wrapper was filled:[]
2023-03-05 17:41:18,784 ERROR r.s.s.XMLDataProvider [main] Notification record with this ID:2 already exists
2023-03-05 17:41:18,785 DEBUG r.s.s.XMLDataProvider [main] Deserializing objects
2023-03-05 17:41:18,791 DEBUG r.s.s.XMLDataProvider [main] Wrapper was filled:[]
2023-03-05 17:41:18,791 INFO r.s.s.XMLDataProvider [main] Record with this ID:2 was deleted
2023-03-05 17:41:18,792 DEBUG r.s.s.XMLDataProvider [main] update data source src/main/java/ru/sfedu/xml/Notification.xml
2023-03-05 17:41:18,802 DEBUG r.s.s.XMLDataProvider [main] Deserializing objects
2023-03-05 17:41:18,810 DEBUG r.s.s.XMLDataProvider [main] Wrapper was filled:[]
2023-03-05 17:41:18,811 ERROR r.s.s.XMLDataProvider [main] Notification record with this ID:0 wasn't found
2023-03-05 17:41:18,823 DEBUG r.s.s.XMLDataProvider [main] Deserializing objects
2023-03-05 17:41:18,828 DEBUG r.s.s.XMLDataProvider [main] Wrapper was filled:[]
2023-03-05 17:41:18,829 ERROR r.s.s.XMLDataProvider [main] Notification record with this ID:2 wasn't found
2023-03-05 17:42:15,310 DEBUG r.s.s.XMLDataProvider [main] XMLDataProvider was created
2023-03-05 17:42:15,486 DEBUG r.s.s.XMLDataProvider [main] Deserializing objects
2023-03-05 17:42:15,604 ERROR r.s.s.XMLDataProvider [main] javax.xml.bind.UnmarshalException
 - with linked exception:
[org.xml.sax.SAXParseException; lineNumber: 1; columnNumber: 1; Premature end of file.]
2023-03-05 17:42:15,605 DEBUG r.s.s.XMLDataProvider [main] update data source src/main/java/ru/sfedu/xml/Notification.xml
2023-03-05 17:42:15,623 INFO r.s.s.XMLDataProvider [main] Notification record was saved
2023-03-05 17:42:15,623 DEBUG r.s.s.XMLDataProvider [main] Deserializing objects
2023-03-05 17:42:15,634 DEBUG r.s.s.XMLDataProvider [main] Wrapper was filled:[]
2023-03-05 17:42:15,636 INFO r.s.s.XMLDataProvider [main] Notification record was found
2023-03-05 17:42:15,639 DEBUG r.s.s.XMLDataProvider [main] Deserializing objects
2023-03-05 17:42:15,646 DEBUG r.s.s.XMLDataProvider [main] Wrapper was filled:[]
2023-03-05 17:42:15,651 INFO r.s.s.XMLDataProvider [main] Record with this ID:1 was deleted
2023-03-05 17:42:15,651 DEBUG r.s.s.XMLDataProvider [main] update data source src/main/java/ru/sfedu/xml/Notification.xml
2023-03-05 17:42:25,898 DEBUG r.s.s.XMLDataProvider [main] XMLDataProvider was created
2023-03-05 17:42:26,055 DEBUG r.s.s.XMLDataProvider [main] Deserializing objects
2023-03-05 17:42:26,170 ERROR r.s.s.XMLDataProvider [main] javax.xml.bind.UnmarshalException
 - with linked exception:
[org.xml.sax.SAXParseException; lineNumber: 1; columnNumber: 1; Premature end of file.]
2023-03-05 17:42:26,171 DEBUG r.s.s.XMLDataProvider [main] update data source src/main/java/ru/sfedu/xml/Notification.xml
2023-03-05 17:42:26,187 INFO r.s.s.XMLDataProvider [main] Notification record was saved
2023-03-05 17:42:26,188 DEBUG r.s.s.XMLDataProvider [main] Deserializing objects
2023-03-05 17:42:26,195 DEBUG r.s.s.XMLDataProvider [main] Wrapper was filled:[]
2023-03-05 17:42:26,196 INFO r.s.s.XMLDataProvider [main] Notification record was updated
2023-03-05 17:42:26,197 DEBUG r.s.s.XMLDataProvider [main] Deserializing objects
2023-03-05 17:42:26,201 DEBUG r.s.s.XMLDataProvider [main] Wrapper was filled:[]
2023-03-05 17:42:26,203 INFO r.s.s.XMLDataProvider [main] Notification record was found
2023-03-05 17:44:28,807 DEBUG r.s.s.XMLDataProvider [main] XMLDataProvider was created
2023-03-05 17:44:28,982 DEBUG r.s.s.XMLDataProvider [main] Deserializing objects
2023-03-05 17:44:29,089 ERROR r.s.s.XMLDataProvider [main] javax.xml.bind.UnmarshalException
 - with linked exception:
[org.xml.sax.SAXParseException; lineNumber: 1; columnNumber: 1; Premature end of file.]
2023-03-05 17:44:29,090 DEBUG r.s.s.XMLDataProvider [main] update data source src/main/java/ru/sfedu/xml/Notification.xml
2023-03-05 17:44:29,105 INFO r.s.s.XMLDataProvider [main] Notification record was saved
2023-03-05 17:44:29,105 DEBUG r.s.s.XMLDataProvider [main] Deserializing objects
2023-03-05 17:44:29,113 DEBUG r.s.s.XMLDataProvider [main] Wrapper was filled:[]
2023-03-05 17:44:29,113 INFO r.s.s.XMLDataProvider [main] Notification record was updated
2023-03-05 17:44:29,114 DEBUG r.s.s.XMLDataProvider [main] Deserializing objects
2023-03-05 17:44:29,118 DEBUG r.s.s.XMLDataProvider [main] Wrapper was filled:[]
2023-03-05 17:44:29,120 INFO r.s.s.XMLDataProvider [main] Notification record was found
2023-03-05 17:44:29,120 DEBUG r.s.s.XMLDataProvider [main] Temperature too low. You need to switch on the heater
2023-03-05 17:44:29,120 DEBUG r.s.s.XMLDataProvider [main] Deserializing objects
2023-03-05 17:44:29,124 DEBUG r.s.s.XMLDataProvider [main] Wrapper was filled:[]
2023-03-05 17:44:29,124 INFO r.s.s.XMLDataProvider [main] Notification record was found
2023-03-05 17:45:57,234 DEBUG r.s.s.XMLDataProvider [main] XMLDataProvider was created
2023-03-05 17:45:57,407 DEBUG r.s.s.XMLDataProvider [main] Deserializing objects
2023-03-05 17:45:57,518 ERROR r.s.s.XMLDataProvider [main] javax.xml.bind.UnmarshalException
 - with linked exception:
[org.xml.sax.SAXParseException; lineNumber: 1; columnNumber: 1; Premature end of file.]
2023-03-05 17:45:57,520 DEBUG r.s.s.XMLDataProvider [main] update data source src/main/java/ru/sfedu/xml/Notification.xml
2023-03-05 17:45:57,536 INFO r.s.s.XMLDataProvider [main] Notification record was saved
2023-03-05 17:45:57,537 DEBUG r.s.s.XMLDataProvider [main] Deserializing objects
2023-03-05 17:45:57,545 DEBUG r.s.s.XMLDataProvider [main] Wrapper was filled:[]
2023-03-05 17:46:31,786 DEBUG r.s.s.XMLDataProvider [main] XMLDataProvider was created
2023-03-05 17:46:31,951 DEBUG r.s.s.XMLDataProvider [main] Deserializing objects
2023-03-05 17:46:32,056 DEBUG r.s.s.XMLDataProvider [main] Wrapper was filled:[]
2023-03-05 17:46:32,058 DEBUG r.s.s.XMLDataProvider [main] update data source src/main/java/ru/sfedu/xml/Notification.xml
2023-03-05 17:46:32,074 INFO r.s.s.XMLDataProvider [main] Notification record was saved
2023-03-05 17:46:32,074 DEBUG r.s.s.XMLDataProvider [main] Deserializing objects
2023-03-05 17:46:32,083 DEBUG r.s.s.XMLDataProvider [main] Wrapper was filled:[]
2023-03-05 17:47:31,755 DEBUG r.s.s.XMLDataProvider [main] XMLDataProvider was created
2023-03-05 17:47:31,805 DEBUG r.s.s.XMLDataProvider [main] Deserializing objects
2023-03-05 17:47:31,949 DEBUG r.s.s.XMLDataProvider [main] Wrapper was filled:[]
2023-03-05 17:47:31,953 ERROR r.s.s.XMLDataProvider [main] Notification record with this ID:1 already exists
2023-03-05 17:47:31,974 DEBUG r.s.s.XMLDataProvider [main] Deserializing objects
2023-03-05 17:47:31,979 DEBUG r.s.s.XMLDataProvider [main] Wrapper was filled:[]
2023-03-05 17:47:31,979 ERROR r.s.s.XMLDataProvider [main] Notification record with this ID:1 already exists
2023-03-05 17:47:31,985 DEBUG r.s.s.XMLDataProvider [main] Deserializing objects
2023-03-05 17:47:31,990 DEBUG r.s.s.XMLDataProvider [main] Wrapper was filled:[]
2023-03-05 17:47:31,991 ERROR r.s.s.XMLDataProvider [main] Notification record with this ID:1 already exists
2023-03-05 17:47:31,994 DEBUG r.s.s.XMLDataProvider [main] Deserializing objects
2023-03-05 17:47:31,999 DEBUG r.s.s.XMLDataProvider [main] Wrapper was filled:[]
2023-03-05 17:47:32,000 DEBUG r.s.s.XMLDataProvider [main] update data source src/main/java/ru/sfedu/xml/Notification.xml
2023-03-05 17:47:32,012 INFO r.s.s.XMLDataProvider [main] Notification record was saved
2023-03-05 17:47:32,015 DEBUG r.s.s.XMLDataProvider [main] Deserializing objects
2023-03-05 17:47:32,020 DEBUG r.s.s.XMLDataProvider [main] Wrapper was filled:[]
2023-03-05 17:47:32,021 ERROR r.s.s.XMLDataProvider [main] Notification record with this ID:2 already exists
2023-03-05 17:47:32,022 DEBUG r.s.s.XMLDataProvider [main] Deserializing objects
2023-03-05 17:47:32,026 DEBUG r.s.s.XMLDataProvider [main] Wrapper was filled:[]
2023-03-05 17:47:32,027 INFO r.s.s.XMLDataProvider [main] Record with this ID:2 was deleted
2023-03-05 17:47:32,028 DEBUG r.s.s.XMLDataProvider [main] update data source src/main/java/ru/sfedu/xml/Notification.xml
2023-03-05 17:47:32,039 DEBUG r.s.s.XMLDataProvider [main] Deserializing objects
2023-03-05 17:47:32,044 DEBUG r.s.s.XMLDataProvider [main] Wrapper was filled:[]
2023-03-05 17:47:32,045 ERROR r.s.s.XMLDataProvider [main] Notification record with this ID:0 wasn't found
2023-03-05 17:47:32,058 DEBUG r.s.s.XMLDataProvider [main] Deserializing objects
2023-03-05 17:47:32,062 DEBUG r.s.s.XMLDataProvider [main] Wrapper was filled:[]
2023-03-05 17:47:32,063 ERROR r.s.s.XMLDataProvider [main] Notification record with this ID:2 wasn't found
2023-03-05 17:47:39,849 DEBUG r.s.s.XMLDataProvider [main] XMLDataProvider was created
2023-03-05 17:47:39,892 DEBUG r.s.s.XMLDataProvider [main] Deserializing objects
2023-03-05 17:47:40,013 ERROR r.s.s.XMLDataProvider [main] javax.xml.bind.UnmarshalException
 - with linked exception:
[org.xml.sax.SAXParseException; lineNumber: 1; columnNumber: 1; Premature end of file.]
2023-03-05 17:47:40,015 DEBUG r.s.s.XMLDataProvider [main] update data source src/main/java/ru/sfedu/xml/Notification.xml
2023-03-05 17:47:40,033 INFO r.s.s.XMLDataProvider [main] Notification record was saved
2023-03-05 17:47:40,033 DEBUG r.s.s.XMLDataProvider [main] Deserializing objects
2023-03-05 17:47:40,041 DEBUG r.s.s.XMLDataProvider [main] Wrapper was filled:[]
2023-03-05 17:47:40,043 INFO r.s.s.XMLDataProvider [main] Notification record was found
2023-03-05 17:47:40,046 DEBUG r.s.s.XMLDataProvider [main] Deserializing objects
2023-03-05 17:47:40,053 DEBUG r.s.s.XMLDataProvider [main] Wrapper was filled:[]
2023-03-05 17:47:40,058 INFO r.s.s.XMLDataProvider [main] Record with this ID:1 was deleted
2023-03-05 17:47:40,059 DEBUG r.s.s.XMLDataProvider [main] update data source src/main/java/ru/sfedu/xml/Notification.xml
2023-03-05 17:47:40,076 DEBUG r.s.s.XMLDataProvider [main] Deserializing objects
2023-03-05 17:47:40,081 DEBUG r.s.s.XMLDataProvider [main] Wrapper was filled:[]
2023-03-05 17:47:40,082 DEBUG r.s.s.XMLDataProvider [main] update data source src/main/java/ru/sfedu/xml/Notification.xml
2023-03-05 17:47:40,084 INFO r.s.s.XMLDataProvider [main] Notification record was saved
2023-03-05 17:47:40,085 DEBUG r.s.s.XMLDataProvider [main] Deserializing objects
2023-03-05 17:47:40,090 DEBUG r.s.s.XMLDataProvider [main] Wrapper was filled:[]
2023-03-05 17:47:40,102 DEBUG r.s.s.XMLDataProvider [main] Deserializing objects
2023-03-05 17:47:40,107 DEBUG r.s.s.XMLDataProvider [main] Wrapper was filled:[]
2023-03-05 17:47:40,108 ERROR r.s.s.XMLDataProvider [main] Notification record with this ID:1 already exists
2023-03-05 17:47:40,112 DEBUG r.s.s.XMLDataProvider [main] Deserializing objects
2023-03-05 17:47:40,117 DEBUG r.s.s.XMLDataProvider [main] Wrapper was filled:[]
2023-03-05 17:47:40,118 DEBUG r.s.s.XMLDataProvider [main] update data source src/main/java/ru/sfedu/xml/Notification.xml
2023-03-05 17:47:40,121 INFO r.s.s.XMLDataProvider [main] Notification record was saved
2023-03-05 17:47:40,123 DEBUG r.s.s.XMLDataProvider [main] Deserializing objects
2023-03-05 17:47:40,128 DEBUG r.s.s.XMLDataProvider [main] Wrapper was filled:[]
2023-03-05 17:47:40,128 ERROR r.s.s.XMLDataProvider [main] Notification record with this ID:2 already exists
2023-03-05 17:47:40,129 DEBUG r.s.s.XMLDataProvider [main] Deserializing objects
2023-03-05 17:47:40,133 DEBUG r.s.s.XMLDataProvider [main] Wrapper was filled:[]
2023-03-05 17:47:40,134 INFO r.s.s.XMLDataProvider [main] Record with this ID:2 was deleted
2023-03-05 17:47:40,134 DEBUG r.s.s.XMLDataProvider [main] update data source src/main/java/ru/sfedu/xml/Notification.xml
2023-03-05 17:47:40,141 DEBUG r.s.s.XMLDataProvider [main] Deserializing objects
2023-03-05 17:47:40,145 DEBUG r.s.s.XMLDataProvider [main] Wrapper was filled:[]
2023-03-05 17:47:40,146 ERROR r.s.s.XMLDataProvider [main] Notification record with this ID:0 wasn't found
2023-03-05 17:47:40,154 DEBUG r.s.s.XMLDataProvider [main] Deserializing objects
2023-03-05 17:47:40,159 DEBUG r.s.s.XMLDataProvider [main] Wrapper was filled:[]
2023-03-05 17:47:40,160 ERROR r.s.s.XMLDataProvider [main] Notification record with this ID:2 wasn't found
2023-03-05 17:48:35,055 DEBUG r.s.s.XMLDataProvider [main] XMLDataProvider was created
2023-03-05 17:48:35,103 DEBUG r.s.s.XMLDataProvider [main] Deserializing objects
2023-03-05 17:48:35,212 ERROR r.s.s.XMLDataProvider [main] javax.xml.bind.UnmarshalException
 - with linked exception:
[org.xml.sax.SAXParseException; lineNumber: 1; columnNumber: 1; Premature end of file.]
2023-03-05 17:48:35,213 DEBUG r.s.s.XMLDataProvider [main] update data source src/main/java/ru/sfedu/xml/Notification.xml
2023-03-05 17:48:35,229 INFO r.s.s.XMLDataProvider [main] Notification record was saved
2023-03-05 17:48:35,230 DEBUG r.s.s.XMLDataProvider [main] Deserializing objects
2023-03-05 17:48:35,237 DEBUG r.s.s.XMLDataProvider [main] Wrapper was filled:[]
2023-03-05 17:48:35,239 INFO r.s.s.XMLDataProvider [main] Notification record was found
2023-03-05 17:48:35,242 DEBUG r.s.s.XMLDataProvider [main] Deserializing objects
2023-03-05 17:48:35,248 DEBUG r.s.s.XMLDataProvider [main] Wrapper was filled:[]
2023-03-05 17:48:35,252 INFO r.s.s.XMLDataProvider [main] Record with this ID:1 was deleted
2023-03-05 17:48:35,252 DEBUG r.s.s.XMLDataProvider [main] update data source src/main/java/ru/sfedu/xml/Notification.xml
2023-03-05 17:48:35,268 DEBUG r.s.s.XMLDataProvider [main] Deserializing objects
2023-03-05 17:48:35,274 DEBUG r.s.s.XMLDataProvider [main] Wrapper was filled:[]
2023-03-05 17:48:35,274 DEBUG r.s.s.XMLDataProvider [main] update data source src/main/java/ru/sfedu/xml/Notification.xml
2023-03-05 17:48:35,279 INFO r.s.s.XMLDataProvider [main] Notification record was saved
2023-03-05 17:48:35,279 DEBUG r.s.s.XMLDataProvider [main] Deserializing objects
2023-03-05 17:48:35,286 DEBUG r.s.s.XMLDataProvider [main] Wrapper was filled:[]
2023-03-05 17:48:35,297 DEBUG r.s.s.XMLDataProvider [main] Deserializing objects
2023-03-05 17:48:35,301 DEBUG r.s.s.XMLDataProvider [main] Wrapper was filled:[]
2023-03-05 17:48:35,302 ERROR r.s.s.XMLDataProvider [main] Notification record with this ID:1 already exists
2023-03-05 17:48:35,307 DEBUG r.s.s.XMLDataProvider [main] Deserializing objects
2023-03-05 17:48:35,312 DEBUG r.s.s.XMLDataProvider [main] Wrapper was filled:[]
2023-03-05 17:48:35,312 DEBUG r.s.s.XMLDataProvider [main] update data source src/main/java/ru/sfedu/xml/Notification.xml
2023-03-05 17:48:35,315 INFO r.s.s.XMLDataProvider [main] Notification record was saved
2023-03-05 17:48:35,316 DEBUG r.s.s.XMLDataProvider [main] Deserializing objects
2023-03-05 17:48:35,322 DEBUG r.s.s.XMLDataProvider [main] Wrapper was filled:[]
2023-03-05 17:48:35,323 ERROR r.s.s.XMLDataProvider [main] Notification record with this ID:2 already exists
2023-03-05 17:48:35,324 DEBUG r.s.s.XMLDataProvider [main] Deserializing objects
2023-03-05 17:48:35,328 DEBUG r.s.s.XMLDataProvider [main] Wrapper was filled:[]
2023-03-05 17:48:35,329 INFO r.s.s.XMLDataProvider [main] Record with this ID:2 was deleted
2023-03-05 17:48:35,329 DEBUG r.s.s.XMLDataProvider [main] update data source src/main/java/ru/sfedu/xml/Notification.xml
2023-03-05 17:48:35,340 DEBUG r.s.s.XMLDataProvider [main] Deserializing objects
2023-03-05 17:48:35,344 DEBUG r.s.s.XMLDataProvider [main] Wrapper was filled:[]
2023-03-05 17:48:35,345 ERROR r.s.s.XMLDataProvider [main] Notification record with this ID:0 wasn't found
2023-03-05 17:48:35,354 DEBUG r.s.s.XMLDataProvider [main] Deserializing objects
2023-03-05 17:48:35,361 DEBUG r.s.s.XMLDataProvider [main] Wrapper was filled:[]
2023-03-05 17:48:35,361 ERROR r.s.s.XMLDataProvider [main] Notification record with this ID:2 wasn't found
2023-03-05 17:49:43,259 DEBUG r.s.s.XMLDataProvider [main] XMLDataProvider was created
2023-03-05 17:49:43,308 DEBUG r.s.s.XMLDataProvider [main] Deserializing objects
2023-03-05 17:49:43,419 ERROR r.s.s.XMLDataProvider [main] javax.xml.bind.UnmarshalException
 - with linked exception:
[org.xml.sax.SAXParseException; lineNumber: 1; columnNumber: 1; Premature end of file.]
2023-03-05 17:49:43,421 DEBUG r.s.s.XMLDataProvider [main] update data source src/main/java/ru/sfedu/xml/Notification.xml
2023-03-05 17:49:43,437 INFO r.s.s.XMLDataProvider [main] Notification record was saved
2023-03-05 17:49:43,437 DEBUG r.s.s.XMLDataProvider [main] Deserializing objects
2023-03-05 17:49:43,445 DEBUG r.s.s.XMLDataProvider [main] Wrapper was filled:[]
2023-03-05 17:49:43,446 INFO r.s.s.XMLDataProvider [main] Notification record was found
2023-03-05 17:49:43,448 DEBUG r.s.s.XMLDataProvider [main] Deserializing objects
2023-03-05 17:49:43,453 DEBUG r.s.s.XMLDataProvider [main] Wrapper was filled:[]
2023-03-05 17:49:43,457 INFO r.s.s.XMLDataProvider [main] Record with this ID:1 was deleted
2023-03-05 17:49:43,458 DEBUG r.s.s.XMLDataProvider [main] update data source src/main/java/ru/sfedu/xml/Notification.xml
2023-03-05 17:49:43,473 DEBUG r.s.s.XMLDataProvider [main] Deserializing objects
2023-03-05 17:49:43,478 DEBUG r.s.s.XMLDataProvider [main] Wrapper was filled:[]
2023-03-05 17:49:43,478 DEBUG r.s.s.XMLDataProvider [main] update data source src/main/java/ru/sfedu/xml/Notification.xml
2023-03-05 17:49:43,481 INFO r.s.s.XMLDataProvider [main] Notification record was saved
2023-03-05 17:49:43,482 DEBUG r.s.s.XMLDataProvider [main] Deserializing objects
2023-03-05 17:49:43,487 DEBUG r.s.s.XMLDataProvider [main] Wrapper was filled:[]
2023-03-05 17:49:43,498 DEBUG r.s.s.XMLDataProvider [main] Deserializing objects
2023-03-05 17:49:43,503 DEBUG r.s.s.XMLDataProvider [main] Wrapper was filled:[]
2023-03-05 17:49:43,504 ERROR r.s.s.XMLDataProvider [main] Notification record with this ID:1 already exists
2023-03-05 17:49:43,508 DEBUG r.s.s.XMLDataProvider [main] Deserializing objects
2023-03-05 17:49:43,512 DEBUG r.s.s.XMLDataProvider [main] Wrapper was filled:[]
2023-03-05 17:49:43,513 DEBUG r.s.s.XMLDataProvider [main] update data source src/main/java/ru/sfedu/xml/Notification.xml
2023-03-05 17:49:43,516 INFO r.s.s.XMLDataProvider [main] Notification record was saved
2023-03-05 17:49:43,518 DEBUG r.s.s.XMLDataProvider [main] Deserializing objects
2023-03-05 17:49:43,522 DEBUG r.s.s.XMLDataProvider [main] Wrapper was filled:[]
2023-03-05 17:49:43,522 ERROR r.s.s.XMLDataProvider [main] Notification record with this ID:2 already exists
2023-03-05 17:49:43,523 DEBUG r.s.s.XMLDataProvider [main] Deserializing objects
2023-03-05 17:49:43,527 DEBUG r.s.s.XMLDataProvider [main] Wrapper was filled:[]
2023-03-05 17:49:43,528 INFO r.s.s.XMLDataProvider [main] Record with this ID:2 was deleted
2023-03-05 17:49:43,528 DEBUG r.s.s.XMLDataProvider [main] update data source src/main/java/ru/sfedu/xml/Notification.xml
2023-03-05 17:49:43,541 DEBUG r.s.s.XMLDataProvider [main] Deserializing objects
2023-03-05 17:49:43,546 DEBUG r.s.s.XMLDataProvider [main] Wrapper was filled:[]
2023-03-05 17:49:43,547 ERROR r.s.s.XMLDataProvider [main] Notification record with this ID:0 wasn't found
2023-03-05 17:49:43,562 DEBUG r.s.s.XMLDataProvider [main] Deserializing objects
2023-03-05 17:49:43,568 DEBUG r.s.s.XMLDataProvider [main] Wrapper was filled:[]
2023-03-05 17:49:43,569 ERROR r.s.s.XMLDataProvider [main] Notification record with this ID:2 wasn't found
2023-03-05 17:50:25,356 DEBUG r.s.s.XMLDataProvider [main] XMLDataProvider was created
2023-03-05 17:50:25,415 DEBUG r.s.s.XMLDataProvider [main] Deserializing objects
2023-03-05 17:50:25,522 ERROR r.s.s.XMLDataProvider [main] javax.xml.bind.UnmarshalException
 - with linked exception:
[org.xml.sax.SAXParseException; lineNumber: 1; columnNumber: 1; Premature end of file.]
2023-03-05 17:50:25,523 DEBUG r.s.s.XMLDataProvider [main] update data source src/main/java/ru/sfedu/xml/Notification.xml
2023-03-05 17:50:25,539 INFO r.s.s.XMLDataProvider [main] Notification record was saved
2023-03-05 17:50:25,539 DEBUG r.s.s.XMLDataProvider [main] Deserializing objects
2023-03-05 17:50:25,547 DEBUG r.s.s.XMLDataProvider [main] Wrapper was filled:[]
2023-03-05 17:50:25,548 INFO r.s.s.XMLDataProvider [main] Notification record was found
2023-03-05 17:50:25,551 DEBUG r.s.s.XMLDataProvider [main] Deserializing objects
2023-03-05 17:50:25,556 DEBUG r.s.s.XMLDataProvider [main] Wrapper was filled:[]
2023-03-05 17:50:25,559 INFO r.s.s.XMLDataProvider [main] Record with this ID:1 was deleted
2023-03-05 17:50:25,560 DEBUG r.s.s.XMLDataProvider [main] update data source src/main/java/ru/sfedu/xml/Notification.xml
2023-03-05 17:50:25,577 DEBUG r.s.s.XMLDataProvider [main] Deserializing objects
2023-03-05 17:50:25,582 DEBUG r.s.s.XMLDataProvider [main] Wrapper was filled:[]
2023-03-05 17:50:25,582 DEBUG r.s.s.XMLDataProvider [main] update data source src/main/java/ru/sfedu/xml/Notification.xml
2023-03-05 17:50:25,585 INFO r.s.s.XMLDataProvider [main] Notification record was saved
2023-03-05 17:50:25,585 DEBUG r.s.s.XMLDataProvider [main] Deserializing objects
2023-03-05 17:50:25,590 DEBUG r.s.s.XMLDataProvider [main] Wrapper was filled:[]
2023-03-05 17:50:25,591 DEBUG r.s.s.XMLDataProvider [main] update data source src/main/java/ru/sfedu/xml/Notification.xml
2023-03-05 17:50:25,594 INFO r.s.s.XMLDataProvider [main] Notification record was updated
2023-03-05 17:50:25,594 DEBUG r.s.s.XMLDataProvider [main] Deserializing objects
2023-03-05 17:50:25,598 DEBUG r.s.s.XMLDataProvider [main] Wrapper was filled:[]
2023-03-05 17:50:25,598 INFO r.s.s.XMLDataProvider [main] Notification record was found
2023-03-05 17:50:25,599 DEBUG r.s.s.XMLDataProvider [main] Temperature too hot. You need to switch on the heater
2023-03-05 17:50:25,599 DEBUG r.s.s.XMLDataProvider [main] Deserializing objects
2023-03-05 17:50:25,603 DEBUG r.s.s.XMLDataProvider [main] Wrapper was filled:[]
2023-03-05 17:50:25,603 INFO r.s.s.XMLDataProvider [main] Notification record was found
2023-03-05 17:50:25,603 DEBUG r.s.s.XMLDataProvider [main] Deserializing objects
2023-03-05 17:50:25,607 DEBUG r.s.s.XMLDataProvider [main] Wrapper was filled:[]
2023-03-05 17:50:25,607 INFO r.s.s.XMLDataProvider [main] Record with this ID:1 was deleted
2023-03-05 17:50:25,607 DEBUG r.s.s.XMLDataProvider [main] update data source src/main/java/ru/sfedu/xml/Notification.xml
2023-03-05 17:50:25,615 DEBUG r.s.s.XMLDataProvider [main] Deserializing objects
2023-03-05 17:50:25,618 DEBUG r.s.s.XMLDataProvider [main] Wrapper was filled:[]
2023-03-05 17:50:25,619 DEBUG r.s.s.XMLDataProvider [main] update data source src/main/java/ru/sfedu/xml/Notification.xml
2023-03-05 17:50:25,622 INFO r.s.s.XMLDataProvider [main] Notification record was saved
2023-03-05 17:50:25,622 DEBUG r.s.s.XMLDataProvider [main] Deserializing objects
2023-03-05 17:50:25,627 DEBUG r.s.s.XMLDataProvider [main] Wrapper was filled:[]
2023-03-05 17:50:25,628 INFO r.s.s.XMLDataProvider [main] Notification record was found
2023-03-05 17:50:25,628 DEBUG r.s.s.XMLDataProvider [main] Deserializing objects
2023-03-05 17:50:25,632 DEBUG r.s.s.XMLDataProvider [main] Wrapper was filled:[]
2023-03-05 17:50:25,632 INFO r.s.s.XMLDataProvider [main] Record with this ID:1 was deleted
2023-03-05 17:50:25,632 DEBUG r.s.s.XMLDataProvider [main] update data source src/main/java/ru/sfedu/xml/Notification.xml
2023-03-05 17:50:25,636 DEBUG r.s.s.XMLDataProvider [main] Deserializing objects
2023-03-05 17:50:25,640 DEBUG r.s.s.XMLDataProvider [main] Wrapper was filled:[]
2023-03-05 17:50:25,641 DEBUG r.s.s.XMLDataProvider [main] update data source src/main/java/ru/sfedu/xml/Notification.xml
2023-03-05 17:50:25,643 INFO r.s.s.XMLDataProvider [main] Notification record was saved
2023-03-05 17:50:25,644 DEBUG r.s.s.XMLDataProvider [main] Deserializing objects
2023-03-05 17:50:25,648 DEBUG r.s.s.XMLDataProvider [main] Wrapper was filled:[]
2023-03-05 17:50:25,648 ERROR r.s.s.XMLDataProvider [main] Notification record with this ID:2 already exists
2023-03-05 17:50:25,649 DEBUG r.s.s.XMLDataProvider [main] Deserializing objects
2023-03-05 17:50:25,653 DEBUG r.s.s.XMLDataProvider [main] Wrapper was filled:[]
2023-03-05 17:50:25,653 INFO r.s.s.XMLDataProvider [main] Record with this ID:2 was deleted
2023-03-05 17:50:25,654 DEBUG r.s.s.XMLDataProvider [main] update data source src/main/java/ru/sfedu/xml/Notification.xml
2023-03-05 17:50:25,664 DEBUG r.s.s.XMLDataProvider [main] Deserializing objects
2023-03-05 17:50:25,667 DEBUG r.s.s.XMLDataProvider [main] Wrapper was filled:[]
2023-03-05 17:50:25,668 ERROR r.s.s.XMLDataProvider [main] Notification record with this ID:0 wasn't found
2023-03-05 17:50:25,682 DEBUG r.s.s.XMLDataProvider [main] Deserializing objects
2023-03-05 17:50:25,686 DEBUG r.s.s.XMLDataProvider [main] Wrapper was filled:[]
2023-03-05 17:50:25,686 ERROR r.s.s.XMLDataProvider [main] Notification record with this ID:2 wasn't found
2023-03-05 17:50:31,066 DEBUG r.s.s.XMLDataProvider [main] XMLDataProvider was created
2023-03-05 17:50:31,111 DEBUG r.s.s.XMLDataProvider [main] Deserializing objects
2023-03-05 17:50:31,216 DEBUG r.s.s.XMLDataProvider [main] Wrapper was filled:[]
2023-03-05 17:50:31,217 DEBUG r.s.s.XMLDataProvider [main] update data source src/main/java/ru/sfedu/xml/Notification.xml
2023-03-05 17:50:31,232 INFO r.s.s.XMLDataProvider [main] Notification record was saved
2023-03-05 17:50:31,232 DEBUG r.s.s.XMLDataProvider [main] Deserializing objects
2023-03-05 17:50:31,238 DEBUG r.s.s.XMLDataProvider [main] Wrapper was filled:[]
2023-03-05 17:50:31,240 INFO r.s.s.XMLDataProvider [main] Notification record was found
2023-03-05 17:50:31,243 DEBUG r.s.s.XMLDataProvider [main] Deserializing objects
2023-03-05 17:50:31,247 DEBUG r.s.s.XMLDataProvider [main] Wrapper was filled:[]
2023-03-05 17:50:31,251 INFO r.s.s.XMLDataProvider [main] Record with this ID:1 was deleted
2023-03-05 17:50:31,251 DEBUG r.s.s.XMLDataProvider [main] update data source src/main/java/ru/sfedu/xml/Notification.xml
2023-03-05 17:50:31,265 DEBUG r.s.s.XMLDataProvider [main] Deserializing objects
2023-03-05 17:50:31,269 DEBUG r.s.s.XMLDataProvider [main] Wrapper was filled:[]
2023-03-05 17:50:31,270 DEBUG r.s.s.XMLDataProvider [main] update data source src/main/java/ru/sfedu/xml/Notification.xml
2023-03-05 17:50:31,273 INFO r.s.s.XMLDataProvider [main] Notification record was saved
2023-03-05 17:50:31,273 DEBUG r.s.s.XMLDataProvider [main] Deserializing objects
2023-03-05 17:50:31,278 DEBUG r.s.s.XMLDataProvider [main] Wrapper was filled:[]
2023-03-05 17:50:31,279 DEBUG r.s.s.XMLDataProvider [main] update data source src/main/java/ru/sfedu/xml/Notification.xml
2023-03-05 17:50:31,281 INFO r.s.s.XMLDataProvider [main] Notification record was updated
2023-03-05 17:50:31,282 DEBUG r.s.s.XMLDataProvider [main] Deserializing objects
2023-03-05 17:50:31,285 DEBUG r.s.s.XMLDataProvider [main] Wrapper was filled:[]
2023-03-05 17:50:31,286 INFO r.s.s.XMLDataProvider [main] Notification record was found
2023-03-05 17:50:31,286 DEBUG r.s.s.XMLDataProvider [main] Temperature too hot. You need to switch on the heater
2023-03-05 17:50:31,286 DEBUG r.s.s.XMLDataProvider [main] Deserializing objects
2023-03-05 17:50:31,289 DEBUG r.s.s.XMLDataProvider [main] Wrapper was filled:[]
2023-03-05 17:50:31,290 INFO r.s.s.XMLDataProvider [main] Notification record was found
2023-03-05 17:50:31,290 DEBUG r.s.s.XMLDataProvider [main] Deserializing objects
2023-03-05 17:50:31,293 DEBUG r.s.s.XMLDataProvider [main] Wrapper was filled:[]
2023-03-05 17:50:31,294 INFO r.s.s.XMLDataProvider [main] Record with this ID:1 was deleted
2023-03-05 17:50:31,294 DEBUG r.s.s.XMLDataProvider [main] update data source src/main/java/ru/sfedu/xml/Notification.xml
2023-03-05 17:50:31,299 DEBUG r.s.s.XMLDataProvider [main] Deserializing objects
2023-03-05 17:50:31,303 DEBUG r.s.s.XMLDataProvider [main] Wrapper was filled:[]
2023-03-05 17:50:31,303 DEBUG r.s.s.XMLDataProvider [main] update data source src/main/java/ru/sfedu/xml/Notification.xml
2023-03-05 17:50:31,306 INFO r.s.s.XMLDataProvider [main] Notification record was saved
2023-03-05 17:50:31,307 DEBUG r.s.s.XMLDataProvider [main] Deserializing objects
2023-03-05 17:50:31,312 DEBUG r.s.s.XMLDataProvider [main] Wrapper was filled:[]
2023-03-05 17:50:31,312 INFO r.s.s.XMLDataProvider [main] Notification record was found
2023-03-05 17:50:31,312 DEBUG r.s.s.XMLDataProvider [main] Deserializing objects
2023-03-05 17:50:31,316 DEBUG r.s.s.XMLDataProvider [main] Wrapper was filled:[]
2023-03-05 17:50:31,317 INFO r.s.s.XMLDataProvider [main] Record with this ID:1 was deleted
2023-03-05 17:50:31,317 DEBUG r.s.s.XMLDataProvider [main] update data source src/main/java/ru/sfedu/xml/Notification.xml
2023-03-05 17:50:31,320 DEBUG r.s.s.XMLDataProvider [main] Deserializing objects
2023-03-05 17:50:31,325 DEBUG r.s.s.XMLDataProvider [main] Wrapper was filled:[]
2023-03-05 17:50:31,325 DEBUG r.s.s.XMLDataProvider [main] update data source src/main/java/ru/sfedu/xml/Notification.xml
2023-03-05 17:50:31,328 INFO r.s.s.XMLDataProvider [main] Notification record was saved
2023-03-05 17:50:31,329 DEBUG r.s.s.XMLDataProvider [main] Deserializing objects
2023-03-05 17:50:31,333 DEBUG r.s.s.XMLDataProvider [main] Wrapper was filled:[]
2023-03-05 17:50:31,334 ERROR r.s.s.XMLDataProvider [main] Notification record with this ID:2 already exists
2023-03-05 17:50:31,334 DEBUG r.s.s.XMLDataProvider [main] Deserializing objects
2023-03-05 17:50:31,337 DEBUG r.s.s.XMLDataProvider [main] Wrapper was filled:[]
2023-03-05 17:50:31,338 INFO r.s.s.XMLDataProvider [main] Record with this ID:2 was deleted
2023-03-05 17:50:31,338 DEBUG r.s.s.XMLDataProvider [main] update data source src/main/java/ru/sfedu/xml/Notification.xml
2023-03-05 17:50:31,348 DEBUG r.s.s.XMLDataProvider [main] Deserializing objects
2023-03-05 17:50:31,351 DEBUG r.s.s.XMLDataProvider [main] Wrapper was filled:[]
2023-03-05 17:50:31,352 ERROR r.s.s.XMLDataProvider [main] Notification record with this ID:0 wasn't found
2023-03-05 17:50:31,364 DEBUG r.s.s.XMLDataProvider [main] Deserializing objects
2023-03-05 17:50:31,369 DEBUG r.s.s.XMLDataProvider [main] Wrapper was filled:[]
2023-03-05 17:50:31,369 ERROR r.s.s.XMLDataProvider [main] Notification record with this ID:2 wasn't found
2023-03-05 17:51:07,622 DEBUG r.s.s.XMLDataProvider [main] XMLDataProvider was created
2023-03-05 17:51:07,675 DEBUG r.s.s.XMLDataProvider [main] Deserializing objects
2023-03-05 17:51:07,772 DEBUG r.s.s.XMLDataProvider [main] Wrapper was filled:[]
2023-03-05 17:51:07,773 DEBUG r.s.s.XMLDataProvider [main] update data source src/main/java/ru/sfedu/xml/Notification.xml
2023-03-05 17:51:07,787 INFO r.s.s.XMLDataProvider [main] Notification record was saved
2023-03-05 17:51:07,788 DEBUG r.s.s.XMLDataProvider [main] Deserializing objects
2023-03-05 17:51:07,795 DEBUG r.s.s.XMLDataProvider [main] Wrapper was filled:[]
2023-03-05 17:51:07,797 INFO r.s.s.XMLDataProvider [main] Notification record was found
2023-03-05 17:51:07,800 DEBUG r.s.s.XMLDataProvider [main] Deserializing objects
2023-03-05 17:51:07,804 DEBUG r.s.s.XMLDataProvider [main] Wrapper was filled:[]
2023-03-05 17:51:07,807 INFO r.s.s.XMLDataProvider [main] Record with this ID:1 was deleted
2023-03-05 17:51:07,808 DEBUG r.s.s.XMLDataProvider [main] update data source src/main/java/ru/sfedu/xml/Notification.xml
2023-03-05 17:51:07,824 DEBUG r.s.s.XMLDataProvider [main] Deserializing objects
2023-03-05 17:51:07,828 DEBUG r.s.s.XMLDataProvider [main] Wrapper was filled:[]
2023-03-05 17:51:07,829 DEBUG r.s.s.XMLDataProvider [main] update data source src/main/java/ru/sfedu/xml/Notification.xml
2023-03-05 17:51:07,831 INFO r.s.s.XMLDataProvider [main] Notification record was saved
2023-03-05 17:51:07,832 DEBUG r.s.s.XMLDataProvider [main] Deserializing objects
2023-03-05 17:51:07,837 DEBUG r.s.s.XMLDataProvider [main] Wrapper was filled:[]
2023-03-05 17:51:07,838 DEBUG r.s.s.XMLDataProvider [main] update data source src/main/java/ru/sfedu/xml/Notification.xml
2023-03-05 17:51:07,840 INFO r.s.s.XMLDataProvider [main] Notification record was updated
2023-03-05 17:51:07,841 DEBUG r.s.s.XMLDataProvider [main] Deserializing objects
2023-03-05 17:51:07,845 DEBUG r.s.s.XMLDataProvider [main] Wrapper was filled:[]
2023-03-05 17:51:07,845 INFO r.s.s.XMLDataProvider [main] Notification record was found
2023-03-05 17:51:07,846 DEBUG r.s.s.XMLDataProvider [main] Temperature too hot. You need to switch on the heater
2023-03-05 17:51:07,846 DEBUG r.s.s.XMLDataProvider [main] Deserializing objects
2023-03-05 17:51:07,850 DEBUG r.s.s.XMLDataProvider [main] Wrapper was filled:[]
2023-03-05 17:51:07,850 INFO r.s.s.XMLDataProvider [main] Notification record was found
2023-03-05 17:51:07,850 DEBUG r.s.s.XMLDataProvider [main] Deserializing objects
2023-03-05 17:51:07,854 DEBUG r.s.s.XMLDataProvider [main] Wrapper was filled:[]
2023-03-05 17:51:07,854 INFO r.s.s.XMLDataProvider [main] Record with this ID:1 was deleted
2023-03-05 17:51:07,855 DEBUG r.s.s.XMLDataProvider [main] update data source src/main/java/ru/sfedu/xml/Notification.xml
2023-03-05 17:51:07,861 DEBUG r.s.s.XMLDataProvider [main] Deserializing objects
2023-03-05 17:51:07,865 DEBUG r.s.s.XMLDataProvider [main] Wrapper was filled:[]
2023-03-05 17:51:07,865 DEBUG r.s.s.XMLDataProvider [main] update data source src/main/java/ru/sfedu/xml/Notification.xml
2023-03-05 17:51:07,868 INFO r.s.s.XMLDataProvider [main] Notification record was saved
2023-03-05 17:51:07,868 DEBUG r.s.s.XMLDataProvider [main] Deserializing objects
2023-03-05 17:51:07,873 DEBUG r.s.s.XMLDataProvider [main] Wrapper was filled:[]
2023-03-05 17:51:07,874 INFO r.s.s.XMLDataProvider [main] Notification record was found
2023-03-05 17:51:07,874 DEBUG r.s.s.XMLDataProvider [main] Deserializing objects
2023-03-05 17:51:07,878 DEBUG r.s.s.XMLDataProvider [main] Wrapper was filled:[]
2023-03-05 17:51:07,878 INFO r.s.s.XMLDataProvider [main] Record with this ID:1 was deleted
2023-03-05 17:51:07,878 DEBUG r.s.s.XMLDataProvider [main] update data source src/main/java/ru/sfedu/xml/Notification.xml
2023-03-05 17:51:07,882 DEBUG r.s.s.XMLDataProvider [main] Deserializing objects
2023-03-05 17:51:07,885 DEBUG r.s.s.XMLDataProvider [main] Wrapper was filled:[]
2023-03-05 17:51:07,886 DEBUG r.s.s.XMLDataProvider [main] update data source src/main/java/ru/sfedu/xml/Notification.xml
2023-03-05 17:51:07,888 INFO r.s.s.XMLDataProvider [main] Notification record was saved
2023-03-05 17:51:07,889 DEBUG r.s.s.XMLDataProvider [main] Deserializing objects
2023-03-05 17:51:07,893 DEBUG r.s.s.XMLDataProvider [main] Wrapper was filled:[]
2023-03-05 17:51:07,893 ERROR r.s.s.XMLDataProvider [main] Notification record with this ID:2 already exists
2023-03-05 17:51:07,894 DEBUG r.s.s.XMLDataProvider [main] Deserializing objects
2023-03-05 17:51:07,898 DEBUG r.s.s.XMLDataProvider [main] Wrapper was filled:[]
2023-03-05 17:51:07,898 INFO r.s.s.XMLDataProvider [main] Record with this ID:2 was deleted
2023-03-05 17:51:07,898 DEBUG r.s.s.XMLDataProvider [main] update data source src/main/java/ru/sfedu/xml/Notification.xml
2023-03-05 17:51:07,906 DEBUG r.s.s.XMLDataProvider [main] Deserializing objects
2023-03-05 17:51:07,909 DEBUG r.s.s.XMLDataProvider [main] Wrapper was filled:[]
2023-03-05 17:51:07,910 ERROR r.s.s.XMLDataProvider [main] Notification record with this ID:0 wasn't found
2023-03-05 17:51:07,918 DEBUG r.s.s.XMLDataProvider [main] Deserializing objects
2023-03-05 17:51:07,922 DEBUG r.s.s.XMLDataProvider [main] Wrapper was filled:[]
2023-03-05 17:51:07,923 ERROR r.s.s.XMLDataProvider [main] Notification record with this ID:2 wasn't found
2023-03-05 17:51:11,021 DEBUG r.s.s.XMLDataProvider [main] XMLDataProvider was created
2023-03-05 17:51:11,072 DEBUG r.s.s.XMLDataProvider [main] Deserializing objects
2023-03-05 17:51:11,175 DEBUG r.s.s.XMLDataProvider [main] Wrapper was filled:[]
2023-03-05 17:51:11,177 DEBUG r.s.s.XMLDataProvider [main] update data source src/main/java/ru/sfedu/xml/Notification.xml
2023-03-05 17:51:11,192 INFO r.s.s.XMLDataProvider [main] Notification record was saved
2023-03-05 17:51:11,192 DEBUG r.s.s.XMLDataProvider [main] Deserializing objects
2023-03-05 17:51:11,199 DEBUG r.s.s.XMLDataProvider [main] Wrapper was filled:[]
2023-03-05 17:51:11,200 INFO r.s.s.XMLDataProvider [main] Notification record was found
2023-03-05 17:51:11,203 DEBUG r.s.s.XMLDataProvider [main] Deserializing objects
2023-03-05 17:51:11,208 DEBUG r.s.s.XMLDataProvider [main] Wrapper was filled:[]
2023-03-05 17:51:11,211 INFO r.s.s.XMLDataProvider [main] Record with this ID:1 was deleted
2023-03-05 17:51:11,212 DEBUG r.s.s.XMLDataProvider [main] update data source src/main/java/ru/sfedu/xml/Notification.xml
2023-03-05 17:51:11,227 DEBUG r.s.s.XMLDataProvider [main] Deserializing objects
2023-03-05 17:51:11,231 DEBUG r.s.s.XMLDataProvider [main] Wrapper was filled:[]
2023-03-05 17:51:11,232 DEBUG r.s.s.XMLDataProvider [main] update data source src/main/java/ru/sfedu/xml/Notification.xml
2023-03-05 17:51:11,235 INFO r.s.s.XMLDataProvider [main] Notification record was saved
2023-03-05 17:51:11,235 DEBUG r.s.s.XMLDataProvider [main] Deserializing objects
2023-03-05 17:51:11,240 DEBUG r.s.s.XMLDataProvider [main] Wrapper was filled:[]
2023-03-05 17:51:11,241 DEBUG r.s.s.XMLDataProvider [main] update data source src/main/java/ru/sfedu/xml/Notification.xml
2023-03-05 17:51:11,244 INFO r.s.s.XMLDataProvider [main] Notification record was updated
2023-03-05 17:51:11,244 DEBUG r.s.s.XMLDataProvider [main] Deserializing objects
2023-03-05 17:51:11,249 DEBUG r.s.s.XMLDataProvider [main] Wrapper was filled:[]
2023-03-05 17:51:11,249 INFO r.s.s.XMLDataProvider [main] Notification record was found
2023-03-05 17:51:11,249 DEBUG r.s.s.XMLDataProvider [main] Temperature too hot. You need to switch on the heater
2023-03-05 17:51:11,249 DEBUG r.s.s.XMLDataProvider [main] Deserializing objects
2023-03-05 17:51:11,254 DEBUG r.s.s.XMLDataProvider [main] Wrapper was filled:[]
2023-03-05 17:51:11,254 INFO r.s.s.XMLDataProvider [main] Notification record was found
2023-03-05 17:51:11,254 DEBUG r.s.s.XMLDataProvider [main] Deserializing objects
2023-03-05 17:51:11,259 DEBUG r.s.s.XMLDataProvider [main] Wrapper was filled:[]
2023-03-05 17:51:11,260 INFO r.s.s.XMLDataProvider [main] Record with this ID:1 was deleted
2023-03-05 17:51:11,260 DEBUG r.s.s.XMLDataProvider [main] update data source src/main/java/ru/sfedu/xml/Notification.xml
2023-03-05 17:51:11,268 DEBUG r.s.s.XMLDataProvider [main] Deserializing objects
2023-03-05 17:51:11,272 DEBUG r.s.s.XMLDataProvider [main] Wrapper was filled:[]
2023-03-05 17:51:11,273 DEBUG r.s.s.XMLDataProvider [main] update data source src/main/java/ru/sfedu/xml/Notification.xml
2023-03-05 17:51:11,276 INFO r.s.s.XMLDataProvider [main] Notification record was saved
2023-03-05 17:51:11,276 DEBUG r.s.s.XMLDataProvider [main] Deserializing objects
2023-03-05 17:51:11,283 DEBUG r.s.s.XMLDataProvider [main] Wrapper was filled:[]
2023-03-05 17:51:11,284 INFO r.s.s.XMLDataProvider [main] Notification record was found
2023-03-05 17:51:11,284 DEBUG r.s.s.XMLDataProvider [main] Deserializing objects
2023-03-05 17:51:11,288 DEBUG r.s.s.XMLDataProvider [main] Wrapper was filled:[]
2023-03-05 17:51:11,289 INFO r.s.s.XMLDataProvider [main] Record with this ID:1 was deleted
2023-03-05 17:51:11,289 DEBUG r.s.s.XMLDataProvider [main] update data source src/main/java/ru/sfedu/xml/Notification.xml
2023-03-05 17:51:11,294 DEBUG r.s.s.XMLDataProvider [main] Deserializing objects
2023-03-05 17:51:11,298 DEBUG r.s.s.XMLDataProvider [main] Wrapper was filled:[]
2023-03-05 17:51:11,299 DEBUG r.s.s.XMLDataProvider [main] update data source src/main/java/ru/sfedu/xml/Notification.xml
2023-03-05 17:51:11,302 INFO r.s.s.XMLDataProvider [main] Notification record was saved
2023-03-05 17:51:11,303 DEBUG r.s.s.XMLDataProvider [main] Deserializing objects
2023-03-05 17:51:11,308 DEBUG r.s.s.XMLDataProvider [main] Wrapper was filled:[]
2023-03-05 17:51:11,309 ERROR r.s.s.XMLDataProvider [main] Notification record with this ID:2 already exists
2023-03-05 17:51:11,310 DEBUG r.s.s.XMLDataProvider [main] Deserializing objects
2023-03-05 17:51:11,314 DEBUG r.s.s.XMLDataProvider [main] Wrapper was filled:[]
2023-03-05 17:51:11,315 INFO r.s.s.XMLDataProvider [main] Record with this ID:2 was deleted
2023-03-05 17:51:11,315 DEBUG r.s.s.XMLDataProvider [main] update data source src/main/java/ru/sfedu/xml/Notification.xml
2023-03-05 17:51:11,324 DEBUG r.s.s.XMLDataProvider [main] Deserializing objects
2023-03-05 17:51:11,328 DEBUG r.s.s.XMLDataProvider [main] Wrapper was filled:[]
2023-03-05 17:51:11,329 ERROR r.s.s.XMLDataProvider [main] Notification record with this ID:0 wasn't found
2023-03-05 17:51:11,338 DEBUG r.s.s.XMLDataProvider [main] Deserializing objects
2023-03-05 17:51:11,344 DEBUG r.s.s.XMLDataProvider [main] Wrapper was filled:[]
2023-03-05 17:51:11,344 ERROR r.s.s.XMLDataProvider [main] Notification record with this ID:2 wasn't found
2023-03-05 21:41:35,449 DEBUG r.s.s.XMLDataProvider [main] XMLDataProvider was created
2023-03-05 21:41:35,541 DEBUG r.s.s.XMLDataProvider [main] Deserializing objects
2023-03-05 21:41:35,763 DEBUG r.s.s.XMLDataProvider [main] Wrapper was filled:[]
2023-03-05 21:41:35,766 DEBUG r.s.s.XMLDataProvider [main] update data source src/main/java/ru/sfedu/xml/Notification.xml
2023-03-05 21:41:35,794 INFO r.s.s.XMLDataProvider [main] Notification record was saved
2023-03-05 21:41:35,795 DEBUG r.s.s.XMLDataProvider [main] Deserializing objects
2023-03-05 21:41:35,810 DEBUG r.s.s.XMLDataProvider [main] Wrapper was filled:[]
2023-03-05 21:41:35,813 INFO r.s.s.XMLDataProvider [main] Notification record was found
2023-03-05 21:41:35,818 DEBUG r.s.s.XMLDataProvider [main] Deserializing objects
2023-03-05 21:41:35,829 DEBUG r.s.s.XMLDataProvider [main] Wrapper was filled:[]
2023-03-05 21:41:35,837 INFO r.s.s.XMLDataProvider [main] Record with this ID:1 was deleted
2023-03-05 21:41:35,838 DEBUG r.s.s.XMLDataProvider [main] update data source src/main/java/ru/sfedu/xml/Notification.xml
2023-03-05 21:41:35,869 DEBUG r.s.s.XMLDataProvider [main] Deserializing objects
2023-03-05 21:41:35,880 DEBUG r.s.s.XMLDataProvider [main] Wrapper was filled:[]
2023-03-05 21:41:35,881 DEBUG r.s.s.XMLDataProvider [main] update data source src/main/java/ru/sfedu/xml/Notification.xml
2023-03-05 21:41:35,890 INFO r.s.s.XMLDataProvider [main] Notification record was saved
2023-03-05 21:41:35,890 DEBUG r.s.s.XMLDataProvider [main] Deserializing objects
2023-03-05 21:41:35,904 DEBUG r.s.s.XMLDataProvider [main] Wrapper was filled:[]
2023-03-05 21:41:35,906 DEBUG r.s.s.XMLDataProvider [main] update data source src/main/java/ru/sfedu/xml/Notification.xml
2023-03-05 21:41:35,914 INFO r.s.s.XMLDataProvider [main] Notification record was updated
2023-03-05 21:41:35,915 DEBUG r.s.s.XMLDataProvider [main] Deserializing objects
2023-03-05 21:41:35,925 DEBUG r.s.s.XMLDataProvider [main] Wrapper was filled:[]
2023-03-05 21:41:35,926 INFO r.s.s.XMLDataProvider [main] Notification record was found
2023-03-05 21:41:35,927 DEBUG r.s.s.XMLDataProvider [main] Temperature too hot. You need to switch on the heater
2023-03-05 21:41:35,928 DEBUG r.s.s.XMLDataProvider [main] Deserializing objects
2023-03-05 21:41:35,939 DEBUG r.s.s.XMLDataProvider [main] Wrapper was filled:[]
2023-03-05 21:41:35,940 INFO r.s.s.XMLDataProvider [main] Notification record was found
2023-03-05 21:41:35,941 DEBUG r.s.s.XMLDataProvider [main] Deserializing objects
2023-03-05 21:41:35,949 DEBUG r.s.s.XMLDataProvider [main] Wrapper was filled:[]
2023-03-05 21:41:35,950 INFO r.s.s.XMLDataProvider [main] Record with this ID:1 was deleted
2023-03-05 21:41:35,951 DEBUG r.s.s.XMLDataProvider [main] update data source src/main/java/ru/sfedu/xml/Notification.xml
2023-03-05 21:41:35,965 DEBUG r.s.s.XMLDataProvider [main] Deserializing objects
2023-03-05 21:41:35,972 DEBUG r.s.s.XMLDataProvider [main] Wrapper was filled:[]
2023-03-05 21:41:35,973 DEBUG r.s.s.XMLDataProvider [main] update data source src/main/java/ru/sfedu/xml/Notification.xml
2023-03-05 21:41:35,979 INFO r.s.s.XMLDataProvider [main] Notification record was saved
2023-03-05 21:41:35,979 DEBUG r.s.s.XMLDataProvider [main] Deserializing objects
2023-03-05 21:41:35,991 DEBUG r.s.s.XMLDataProvider [main] Wrapper was filled:[]
2023-03-05 21:41:35,991 INFO r.s.s.XMLDataProvider [main] Notification record was found
2023-03-05 21:41:35,992 DEBUG r.s.s.XMLDataProvider [main] Deserializing objects
2023-03-05 21:41:35,999 DEBUG r.s.s.XMLDataProvider [main] Wrapper was filled:[]
2023-03-05 21:41:36,000 INFO r.s.s.XMLDataProvider [main] Record with this ID:1 was deleted
2023-03-05 21:41:36,001 DEBUG r.s.s.XMLDataProvider [main] update data source src/main/java/ru/sfedu/xml/Notification.xml
2023-03-05 21:41:36,009 DEBUG r.s.s.XMLDataProvider [main] Deserializing objects
2023-03-05 21:41:36,018 DEBUG r.s.s.XMLDataProvider [main] Wrapper was filled:[]
2023-03-05 21:41:36,019 DEBUG r.s.s.XMLDataProvider [main] update data source src/main/java/ru/sfedu/xml/Notification.xml
2023-03-05 21:41:36,025 INFO r.s.s.XMLDataProvider [main] Notification record was saved
2023-03-05 21:41:36,027 DEBUG r.s.s.XMLDataProvider [main] Deserializing objects
2023-03-05 21:41:36,035 DEBUG r.s.s.XMLDataProvider [main] Wrapper was filled:[]
2023-03-05 21:41:36,037 ERROR r.s.s.XMLDataProvider [main] Notification record with this ID:2 already exists
2023-03-05 21:41:36,039 DEBUG r.s.s.XMLDataProvider [main] Deserializing objects
2023-03-05 21:41:36,045 DEBUG r.s.s.XMLDataProvider [main] Wrapper was filled:[]
2023-03-05 21:41:36,046 INFO r.s.s.XMLDataProvider [main] Record with this ID:2 was deleted
2023-03-05 21:41:36,047 DEBUG r.s.s.XMLDataProvider [main] update data source src/main/java/ru/sfedu/xml/Notification.xml
2023-03-05 21:41:36,067 DEBUG r.s.s.XMLDataProvider [main] Deserializing objects
2023-03-05 21:41:36,075 DEBUG r.s.s.XMLDataProvider [main] Wrapper was filled:[]
2023-03-05 21:41:36,076 ERROR r.s.s.XMLDataProvider [main] Notification record with this ID:0 wasn't found
2023-03-05 21:41:36,100 DEBUG r.s.s.XMLDataProvider [main] Deserializing objects
2023-03-05 21:41:36,110 DEBUG r.s.s.XMLDataProvider [main] Wrapper was filled:[]
2023-03-05 21:41:36,111 ERROR r.s.s.XMLDataProvider [main] Notification record with this ID:2 wasn't found
2023-03-06 09:01:07,680 INFO r.s.m.User [main] User    add new device to home  
2023-03-06 09:02:07,815 INFO r.s.m.User [main] User    add new device null to home  
